{"logTime": "1123/210241", "correlationVector":"0qNdSWYirRUVJI0/Seklea.122","action":"GetUpdates", "result":"DeleteReceived", "context":{"id":"994fa084-2148-4098-84e3-cbbc9d67eb50", "isDeleted:":"true", "version":"1728822573612"}}
{"logTime": "1123/210241", "correlationVector":"0qNdSWYirRUVJI0/Seklea.123","action":"GetUpdates", "result":"DeleteReceived", "context":{"id":"c224f8ec-3a6c-4866-b522-a21d59cb5a83", "isDeleted:":"true", "version":"1728822573613"}}
{"logTime": "1123/210241", "correlationVector":"0qNdSWYirRUVJI0/Seklea.124","action":"GetUpdates", "result":"DeleteReceived", "context":{"id":"046749c4-1b2f-4697-9e6c-6f3fb1eb7114", "isDeleted:":"true", "version":"1728822573614"}}
{"logTime": "1123/210241", "correlationVector":"0qNdSWYirRUVJI0/Seklea.125","action":"GetUpdates", "result":"DeleteReceived", "context":{"id":"41bfbf9e-cec7-4a00-81c1-509e2370041d", "isDeleted:":"true", "version":"1728822573615"}}
{"logTime": "1123/210241", "correlationVector":"0qNdSWYirRUVJI0/Seklea.126","action":"GetUpdates", "result":"DeleteReceived", "context":{"id":"c016d4b0-6613-45f9-91e4-b7eeacccf6d8", "isDeleted:":"true", "version":"1728822573616"}}
{"logTime": "1123/210241", "correlationVector":"0qNdSWYirRUVJI0/Seklea.127","action":"GetUpdates", "result":"DeleteReceived", "context":{"id":"0b628142-ef04-485a-8f41-c3987a0a8888", "isDeleted:":"true", "version":"1728822573617"}}
{"logTime": "1123/210241", "correlationVector":"0qNdSWYirRUVJI0/Seklea.128","action":"GetUpdates", "result":"DeleteReceived", "context":{"id":"67dd5253-fb40-43de-a8c2-979a80d30abf", "isDeleted:":"true", "version":"1728822573618"}}
{"logTime": "1123/210241", "correlationVector":"0qNdSWYirRUVJI0/Seklea.129","action":"GetUpdates", "result":"DeleteReceived", "context":{"id":"09af0999-b912-4c25-846c-ab9209d3b3eb", "isDeleted:":"true", "version":"1728822573619"}}
{"logTime": "1123/210241", "correlationVector":"0qNdSWYirRUVJI0/Seklea.130","action":"GetUpdates", "result":"DeleteReceived", "context":{"id":"0ec7105f-5596-4a08-8dd0-d67a438a0e6f", "isDeleted:":"true", "version":"1729350904779"}}
{"logTime": "1123/210241", "correlationVector":"0qNdSWYirRUVJI0/Seklea.131","action":"GetUpdates", "result":"DeleteReceived", "context":{"id":"6d20aba3-ad49-4aae-8867-02a00d5d6d14", "isDeleted:":"true", "version":"1729350904781"}}
{"logTime": "1123/210241", "correlationVector":"0qNdSWYirRUVJI0/Seklea.132","action":"GetUpdates", "result":"DeleteReceived", "context":{"id":"4400e6e0-d231-4837-a876-b5f4f1a6a2a1", "isDeleted:":"true", "version":"1729351224557"}}
{"logTime": "1123/210241", "correlationVector":"0qNdSWYirRUVJI0/Seklea.133","action":"GetUpdates", "result":"DeleteReceived", "context":{"id":"f4befd95-a4a4-44c8-8803-efa6b062a926", "isDeleted:":"true", "version":"1729351439675"}}
{"logTime": "1123/210241", "correlationVector":"0qNdSWYirRUVJI0/Seklea.134","action":"GetUpdates", "result":"DeleteReceived", "context":{"id":"bcba3393-d099-4be7-9cec-f59121d8fe26", "isDeleted:":"true", "version":"1729352353775"}}
{"logTime": "1123/210241", "correlationVector":"0qNdSWYirRUVJI0/Seklea.135","action":"GetUpdates", "result":"DeleteReceived", "context":{"id":"f286154a-e594-46e8-900d-8b37c2bf6e92", "isDeleted:":"true", "version":"1729352353776"}}
{"logTime": "1123/210241", "correlationVector":"0qNdSWYirRUVJI0/Seklea.136","action":"GetUpdates", "result":"DeleteReceived", "context":{"id":"f2796d05-033d-4bfe-a835-356f878b6323", "isDeleted:":"true", "version":"1729352353777"}}
{"logTime": "1123/210241", "correlationVector":"0qNdSWYirRUVJI0/Seklea.137","action":"GetUpdates", "result":"DeleteReceived", "context":{"id":"808ee933-d7eb-4953-8ff3-92d650073620", "isDeleted:":"true", "version":"1729352353779"}}
{"logTime": "1123/210241", "correlationVector":"0qNdSWYirRUVJI0/Seklea.138","action":"GetUpdates", "result":"DeleteReceived", "context":{"id":"d3d252aa-3c64-4a89-a851-e0bc2a09775e", "isDeleted:":"true", "version":"1729352353780"}}
{"logTime": "1123/210241", "correlationVector":"0qNdSWYirRUVJI0/Seklea.139","action":"GetUpdates", "result":"DeleteReceived", "context":{"id":"c8f3dece-baee-4d18-8ccf-c70a294131bf", "isDeleted:":"true", "version":"1729352353781"}}
{"logTime": "1123/210241", "correlationVector":"0qNdSWYirRUVJI0/Seklea.140","action":"GetUpdates", "result":"DeleteReceived", "context":{"id":"4e894b06-cfbf-42a6-bfb2-a0aee2d56a7e", "isDeleted:":"true", "version":"1729355492694"}}
{"logTime": "1123/210241", "correlationVector":"0qNdSWYirRUVJI0/Seklea.141","action":"GetUpdates", "result":"DeleteReceived", "context":{"id":"bb02fbb5-dc28-48f9-9b00-0326262fca52", "isDeleted:":"true", "version":"1729355674276"}}
{"logTime": "1123/210241", "correlationVector":"0qNdSWYirRUVJI0/Seklea.142","action":"GetUpdates", "result":"DeleteReceived", "context":{"id":"092ff919-37fb-40e9-b386-d804831bde25", "isDeleted:":"true", "version":"1729355674278"}}
{"logTime": "1123/210241", "correlationVector":"0qNdSWYirRUVJI0/Seklea.143","action":"GetUpdates", "result":"DeleteReceived", "context":{"id":"b00ab6a7-c636-416e-a9b1-66e383530d35", "isDeleted:":"true", "version":"1729355755735"}}
{"logTime": "1123/210241", "correlationVector":"0qNdSWYirRUVJI0/Seklea.144","action":"GetUpdates", "result":"DeleteReceived", "context":{"id":"3efcd5aa-b338-4b50-a5fd-0e9bc61457e1", "isDeleted:":"true", "version":"1729356276163"}}
{"logTime": "1123/210241", "correlationVector":"0qNdSWYirRUVJI0/Seklea.145","action":"GetUpdates", "result":"DeleteReceived", "context":{"id":"1202b085-1965-42ab-ab18-a543fa31e810", "isDeleted:":"true", "version":"1729356276164"}}
{"logTime": "1123/210241", "correlationVector":"0qNdSWYirRUVJI0/Seklea.146","action":"GetUpdates", "result":"DeleteReceived", "context":{"id":"4a8f1539-aba2-48f2-aa42-bb8aab3feab8", "isDeleted:":"true", "version":"1729439117402"}}
{"logTime": "1123/210241", "correlationVector":"0qNdSWYirRUVJI0/Seklea.147","action":"GetUpdates", "result":"DeleteReceived", "context":{"id":"4828b556-ffc5-48e6-a664-30389dac2d11", "isDeleted:":"true", "version":"1729439117404"}}
{"logTime": "1123/210241", "correlationVector":"0qNdSWYirRUVJI0/Seklea.148","action":"GetUpdates", "result":"DeleteReceived", "context":{"id":"f6627e43-badb-4555-9e13-cc5684ebe519", "isDeleted:":"true", "version":"1729443017171"}}
{"logTime": "1123/210241", "correlationVector":"0qNdSWYirRUVJI0/Seklea.149","action":"GetUpdates", "result":"DeleteReceived", "context":{"id":"f25c97ed-2799-4b43-ad5a-b568da566892", "isDeleted:":"true", "version":"1729534435276"}}
{"logTime": "1123/210241", "correlationVector":"0qNdSWYirRUVJI0/Seklea.150","action":"GetUpdates", "result":"DeleteReceived", "context":{"id":"558a4f6f-9faa-42b6-a903-2de60ff20f41", "isDeleted:":"true", "version":"1729534435277"}}
{"logTime": "1123/210241", "correlationVector":"0qNdSWYirRUVJI0/Seklea.151","action":"GetUpdates", "result":"DeleteReceived", "context":{"id":"fbb40323-881a-4b9a-85e0-ad5aeae90ec5", "isDeleted:":"true", "version":"1729534435278"}}
{"logTime": "1123/210241", "correlationVector":"0qNdSWYirRUVJI0/Seklea.152","action":"GetUpdates", "result":"DeleteReceived", "context":{"id":"143051af-9599-446b-9a58-b239640d24ef", "isDeleted:":"true", "version":"1729534435279"}}
{"logTime": "1123/210241", "correlationVector":"0qNdSWYirRUVJI0/Seklea.153","action":"GetUpdates", "result":"DeleteReceived", "context":{"id":"ead89c8c-f3af-4660-a6ef-24b07d7678c1", "isDeleted:":"true", "version":"1729534437109"}}
{"logTime": "1123/210241", "correlationVector":"0qNdSWYirRUVJI0/Seklea.154","action":"GetUpdates", "result":"DeleteReceived", "context":{"id":"935ef119-d236-4c93-b4b0-d9c67e172c2e", "isDeleted:":"true", "version":"1729539197111"}}
{"logTime": "1123/210241", "correlationVector":"0qNdSWYirRUVJI0/Seklea.155","action":"GetUpdates", "result":"DeleteReceived", "context":{"id":"c6481899-3341-4546-86f1-7bd437c74b40", "isDeleted:":"true", "version":"1729539197112"}}
{"logTime": "1123/210241", "correlationVector":"0qNdSWYirRUVJI0/Seklea.156","action":"GetUpdates", "result":"DeleteReceived", "context":{"id":"64e79a15-d5dc-47e1-b2e0-500880970a77", "isDeleted:":"true", "version":"1729581138971"}}
{"logTime": "1123/210241", "correlationVector":"0qNdSWYirRUVJI0/Seklea.157","action":"GetUpdates", "result":"DeleteReceived", "context":{"id":"b388200b-bd0b-4aef-9be2-f6e6f056e939", "isDeleted:":"true", "version":"1729581138972"}}
{"logTime": "1123/210241", "correlationVector":"0qNdSWYirRUVJI0/Seklea.158","action":"GetUpdates", "result":"DeleteReceived", "context":{"id":"4a659a4a-356c-4c53-a2e7-4f410d4fbc40", "isDeleted:":"true", "version":"1729581138973"}}
{"logTime": "1123/210241", "correlationVector":"0qNdSWYirRUVJI0/Seklea.159","action":"GetUpdates", "result":"DeleteReceived", "context":{"id":"3481ffb2-a9f7-4275-84fa-c13b3a61618b", "isDeleted:":"true", "version":"1729588976251"}}
{"logTime": "1123/210241", "correlationVector":"0qNdSWYirRUVJI0/Seklea.160","action":"GetUpdates", "result":"DeleteReceived", "context":{"id":"823bdfdf-3532-4378-bd63-52bde2d52c5e", "isDeleted:":"true", "version":"1729588976254"}}
{"logTime": "1123/210241", "correlationVector":"0qNdSWYirRUVJI0/Seklea.161","action":"GetUpdates", "result":"DeleteReceived", "context":{"id":"e028342e-b086-40c5-8206-7713ab1d9764", "isDeleted:":"true", "version":"1729869331039"}}
{"logTime": "1123/210241", "correlationVector":"0qNdSWYirRUVJI0/Seklea.162","action":"GetUpdates Response", "result":"Success", "context":Received 250 update(s). cV=0qNdSWYirRUVJI0/Seklea.0;server=GENERAL01000019;cloudType=Consumer;environment=Prod_WestEurope_000l;migrationStage=NotStarted Some updates remain.}
{"logTime": "1123/210241", "correlationVector":"F9TgyMVJmMlBzKQzu4webm","action":"Initial GetUpdates", "result":"", "context":Reason: NEWLY_SUPPORTED_DATATYPE. cV=F9TgyMVJmMlBzKQzu4webm}
{"logTime": "1123/210242", "correlationVector":"F9TgyMVJmMlBzKQzu4webm.1","action":"SyncServerConnectionManagerRequest", "result":"SYNC_SERVER_OK", "context":{"environment":"Prod_WestEurope_000l", "migrationStage":"NotStarted", "server":"general0100001E"}}
{"logTime": "1123/210242", "correlationVector":"F9TgyMVJmMlBzKQzu4webm.2","action":"GetUpdates", "result":"DeleteReceived", "context":{"id":"eac6ac85-00cf-4445-a05a-ff473f7c0b5e", "isDeleted:":"true", "version":"1731098299307"}}
{"logTime": "1123/210242", "correlationVector":"F9TgyMVJmMlBzKQzu4webm.3","action":"GetUpdates", "result":"DeleteReceived", "context":{"id":"412025af-d5d3-4e4f-ad3b-beb3024abe05", "isDeleted:":"true", "version":"1729882274449"}}
{"logTime": "1123/210242", "correlationVector":"F9TgyMVJmMlBzKQzu4webm.4","action":"GetUpdates", "result":"DeleteReceived", "context":{"id":"ff1c13f1-d2b4-4f0d-a663-826a096ac058", "isDeleted:":"true", "version":"1729882274451"}}
{"logTime": "1123/210242", "correlationVector":"F9TgyMVJmMlBzKQzu4webm.5","action":"GetUpdates", "result":"DeleteReceived", "context":{"id":"0caf8cbf-d2d3-47fe-a79e-886ab5d9a9a2", "isDeleted:":"true", "version":"1729882274452"}}
{"logTime": "1123/210242", "correlationVector":"F9TgyMVJmMlBzKQzu4webm.6","action":"GetUpdates", "result":"DeleteReceived", "context":{"id":"666b1f43-fd5b-485d-8da9-1ec2c8895139", "isDeleted:":"true", "version":"1729884353137"}}
{"logTime": "1123/210242", "correlationVector":"F9TgyMVJmMlBzKQzu4webm.7","action":"GetUpdates", "result":"DeleteReceived", "context":{"id":"8620c35a-6f64-48d3-87f7-44a8130fd09e", "isDeleted:":"true", "version":"1729884606257"}}
{"logTime": "1123/210242", "correlationVector":"F9TgyMVJmMlBzKQzu4webm.8","action":"GetUpdates", "result":"DeleteReceived", "context":{"id":"beb63b5d-fb4f-4b0c-b986-8fc8f9d85cdb", "isDeleted:":"true", "version":"1729967365529"}}
{"logTime": "1123/210242", "correlationVector":"F9TgyMVJmMlBzKQzu4webm.9","action":"GetUpdates", "result":"DeleteReceived", "context":{"id":"96ccb334-c8a2-4299-99b4-00c19041e89b", "isDeleted:":"true", "version":"1729967365530"}}
{"logTime": "1123/210242", "correlationVector":"F9TgyMVJmMlBzKQzu4webm.10","action":"GetUpdates", "result":"DeleteReceived", "context":{"id":"23a4e10b-63a7-41e8-aa3e-cf5fcef5e4bb", "isDeleted:":"true", "version":"1729967365531"}}
{"logTime": "1123/210242", "correlationVector":"F9TgyMVJmMlBzKQzu4webm.11","action":"GetUpdates", "result":"DeleteReceived", "context":{"id":"adf3b64b-754f-41de-8dca-24be874b6bef", "isDeleted:":"true", "version":"1729967365532"}}
{"logTime": "1123/210242", "correlationVector":"F9TgyMVJmMlBzKQzu4webm.12","action":"GetUpdates", "result":"DeleteReceived", "context":{"id":"d6b8f9b5-e6a9-44f5-90d0-484fe8f2e538", "isDeleted:":"true", "version":"1729967365533"}}
{"logTime": "1123/210242", "correlationVector":"F9TgyMVJmMlBzKQzu4webm.13","action":"GetUpdates", "result":"DeleteReceived", "context":{"id":"5a04daa5-7a87-40d5-be5e-2988717bae9b", "isDeleted:":"true", "version":"1729967365534"}}
{"logTime": "1123/210242", "correlationVector":"F9TgyMVJmMlBzKQzu4webm.14","action":"GetUpdates", "result":"DeleteReceived", "context":{"id":"ab045c75-e356-421c-ad18-edea6605dea7", "isDeleted:":"true", "version":"1729967365535"}}
{"logTime": "1123/210242", "correlationVector":"F9TgyMVJmMlBzKQzu4webm.15","action":"GetUpdates", "result":"DeleteReceived", "context":{"id":"687a26ad-3591-4aa8-8f94-5398a68c5e27", "isDeleted:":"true", "version":"1729967365536"}}
{"logTime": "1123/210242", "correlationVector":"F9TgyMVJmMlBzKQzu4webm.16","action":"GetUpdates", "result":"DeleteReceived", "context":{"id":"1235d0b7-279e-44f5-a912-6af3c3711ef8", "isDeleted:":"true", "version":"1729967365537"}}
{"logTime": "1123/210242", "correlationVector":"F9TgyMVJmMlBzKQzu4webm.17","action":"GetUpdates", "result":"DeleteReceived", "context":{"id":"7b3d842d-112a-4078-9e8a-16bea334720e", "isDeleted:":"true", "version":"1729967406070"}}
{"logTime": "1123/210242", "correlationVector":"F9TgyMVJmMlBzKQzu4webm.18","action":"GetUpdates", "result":"DeleteReceived", "context":{"id":"b9d71228-f735-4ee2-9fbd-6d4eea0e4b9e", "isDeleted:":"true", "version":"1729967406071"}}
{"logTime": "1123/210242", "correlationVector":"F9TgyMVJmMlBzKQzu4webm.19","action":"GetUpdates", "result":"DeleteReceived", "context":{"id":"7bf163dd-3b4f-4b3c-8213-187636a74c55", "isDeleted:":"true", "version":"1730039501714"}}
{"logTime": "1123/210242", "correlationVector":"F9TgyMVJmMlBzKQzu4webm.20","action":"GetUpdates", "result":"DeleteReceived", "context":{"id":"2b3f8fb3-6274-4d39-816a-5b66c886901e", "isDeleted:":"true", "version":"1730039501715"}}
{"logTime": "1123/210242", "correlationVector":"F9TgyMVJmMlBzKQzu4webm.21","action":"GetUpdates", "result":"DeleteReceived", "context":{"id":"66b03f2b-fe4f-46b9-ab49-98bceb93608c", "isDeleted:":"true", "version":"1730039501716"}}
{"logTime": "1123/210242", "correlationVector":"F9TgyMVJmMlBzKQzu4webm.22","action":"GetUpdates", "result":"DeleteReceived", "context":{"id":"94ae504d-2806-4a70-b426-b3438a588424", "isDeleted:":"true", "version":"1730039501717"}}
{"logTime": "1123/210242", "correlationVector":"F9TgyMVJmMlBzKQzu4webm.23","action":"GetUpdates", "result":"DeleteReceived", "context":{"id":"f4bf6496-4a78-45fd-8108-e6ed44bdbf8c", "isDeleted:":"true", "version":"1730039501718"}}
{"logTime": "1123/210242", "correlationVector":"F9TgyMVJmMlBzKQzu4webm.24","action":"GetUpdates", "result":"DeleteReceived", "context":{"id":"3e3ddc6a-7185-4549-8761-1cd9f1b9d9c8", "isDeleted:":"true", "version":"1730039501719"}}
{"logTime": "1123/210242", "correlationVector":"F9TgyMVJmMlBzKQzu4webm.25","action":"GetUpdates", "result":"DeleteReceived", "context":{"id":"591a21b6-fed6-4273-a2f7-b3704525291f", "isDeleted:":"true", "version":"1730050811227"}}
{"logTime": "1123/210242", "correlationVector":"F9TgyMVJmMlBzKQzu4webm.26","action":"GetUpdates", "result":"DeleteReceived", "context":{"id":"5a13f9dd-970e-4548-aa11-92ff1358146b", "isDeleted:":"true", "version":"1730055795373"}}
{"logTime": "1123/210242", "correlationVector":"F9TgyMVJmMlBzKQzu4webm.27","action":"GetUpdates", "result":"DeleteReceived", "context":{"id":"8cfbde42-1e7b-4822-b97c-eba7e14bc854", "isDeleted:":"true", "version":"1730055798736"}}
{"logTime": "1123/210242", "correlationVector":"F9TgyMVJmMlBzKQzu4webm.28","action":"GetUpdates", "result":"DeleteReceived", "context":{"id":"793f2fb6-a30f-4236-9cd4-6990d5dab9bf", "isDeleted:":"true", "version":"1730055798737"}}
{"logTime": "1123/210242", "correlationVector":"F9TgyMVJmMlBzKQzu4webm.29","action":"GetUpdates", "result":"DeleteReceived", "context":{"id":"96a7f568-ba8f-4e8b-97d2-fed5bc58e971", "isDeleted:":"true", "version":"1730055798738"}}
{"logTime": "1123/210242", "correlationVector":"F9TgyMVJmMlBzKQzu4webm.30","action":"GetUpdates", "result":"DeleteReceived", "context":{"id":"66addbd4-491d-4b4d-bb71-e373b12de585", "isDeleted:":"true", "version":"1730094091376"}}
{"logTime": "1123/210242", "correlationVector":"F9TgyMVJmMlBzKQzu4webm.31","action":"GetUpdates", "result":"DeleteReceived", "context":{"id":"a5e03138-430b-45af-90fe-e919ff33ee27", "isDeleted:":"true", "version":"1730485265798"}}
{"logTime": "1123/210242", "correlationVector":"F9TgyMVJmMlBzKQzu4webm.32","action":"GetUpdates", "result":"DeleteReceived", "context":{"id":"cb3d7e54-ffd8-4318-8f01-a2205b82c753", "isDeleted:":"true", "version":"1730485265800"}}
{"logTime": "1123/210242", "correlationVector":"F9TgyMVJmMlBzKQzu4webm.33","action":"GetUpdates", "result":"DeleteReceived", "context":{"id":"2f942270-aec6-4140-be24-7f7557ae482f", "isDeleted:":"true", "version":"1731095157270"}}
{"logTime": "1123/210242", "correlationVector":"F9TgyMVJmMlBzKQzu4webm.34","action":"GetUpdates", "result":"DeleteReceived", "context":{"id":"90a4c9aa-e271-4cd4-848e-214ddd2f3dbf", "isDeleted:":"true", "version":"1731095157271"}}
{"logTime": "1123/210242", "correlationVector":"F9TgyMVJmMlBzKQzu4webm.35","action":"GetUpdates", "result":"DeleteReceived", "context":{"id":"4054bb96-725b-4c96-95d4-11a1cd3c3d72", "isDeleted:":"true", "version":"1731095157273"}}
{"logTime": "1123/210242", "correlationVector":"F9TgyMVJmMlBzKQzu4webm.36","action":"GetUpdates", "result":"DeleteReceived", "context":{"id":"addd43a1-1422-44da-a2c6-eacf4b56e809", "isDeleted:":"true", "version":"1731095157274"}}
{"logTime": "1123/210242", "correlationVector":"F9TgyMVJmMlBzKQzu4webm.37","action":"GetUpdates", "result":"DeleteReceived", "context":{"id":"92aa21b3-5425-4d53-80ca-a450c9466c89", "isDeleted:":"true", "version":"1731095157275"}}
{"logTime": "1123/210242", "correlationVector":"F9TgyMVJmMlBzKQzu4webm.38","action":"GetUpdates", "result":"DeleteReceived", "context":{"id":"a909c451-a7c4-4ffd-ae51-119307402df7", "isDeleted:":"true", "version":"1731095157276"}}
{"logTime": "1123/210242", "correlationVector":"F9TgyMVJmMlBzKQzu4webm.39","action":"GetUpdates", "result":"DeleteReceived", "context":{"id":"7ea6ebd0-1f49-40f2-88fd-e31ad30a5e9a", "isDeleted:":"true", "version":"1731095157277"}}
{"logTime": "1123/210242", "correlationVector":"F9TgyMVJmMlBzKQzu4webm.40","action":"GetUpdates", "result":"DeleteReceived", "context":{"id":"e481a923-5f97-460f-8b54-50a740b76d1f", "isDeleted:":"true", "version":"1731095157278"}}
{"logTime": "1123/210242", "correlationVector":"F9TgyMVJmMlBzKQzu4webm.41","action":"GetUpdates", "result":"DeleteReceived", "context":{"id":"4ac71b8e-2823-4f58-9bcc-1b3993a5571a", "isDeleted:":"true", "version":"1731095157279"}}
{"logTime": "1123/210242", "correlationVector":"F9TgyMVJmMlBzKQzu4webm.42","action":"GetUpdates", "result":"DeleteReceived", "context":{"id":"22eee6eb-3e27-433d-8ed9-667e206004cc", "isDeleted:":"true", "version":"1731095906579"}}
{"logTime": "1123/210242", "correlationVector":"F9TgyMVJmMlBzKQzu4webm.43","action":"GetUpdates", "result":"DeleteReceived", "context":{"id":"500e6003-5039-4056-ac23-72c25eaad526", "isDeleted:":"true", "version":"1731095985163"}}
{"logTime": "1123/210242", "correlationVector":"F9TgyMVJmMlBzKQzu4webm.44","action":"GetUpdates", "result":"DeleteReceived", "context":{"id":"a522277c-eb40-49d7-b868-d2f5c42bcdb9", "isDeleted:":"true", "version":"1731095985166"}}
{"logTime": "1123/210242", "correlationVector":"F9TgyMVJmMlBzKQzu4webm.45","action":"GetUpdates", "result":"DeleteReceived", "context":{"id":"e74853b7-762a-4c68-be1e-5276f3fc14f5", "isDeleted:":"true", "version":"1731096000294"}}
{"logTime": "1123/210242", "correlationVector":"F9TgyMVJmMlBzKQzu4webm.46","action":"GetUpdates", "result":"DeleteReceived", "context":{"id":"6c6d5ec0-67ce-423c-b2b2-5fd38c232ce2", "isDeleted:":"true", "version":"1731097301095"}}
{"logTime": "1123/210242", "correlationVector":"F9TgyMVJmMlBzKQzu4webm.47","action":"GetUpdates", "result":"DeleteReceived", "context":{"id":"f2099495-993d-4c55-b3f6-05d835e1ede0", "isDeleted:":"true", "version":"1731097301099"}}
{"logTime": "1123/210242", "correlationVector":"F9TgyMVJmMlBzKQzu4webm.48","action":"GetUpdates", "result":"DeleteReceived", "context":{"id":"b98db47f-3cbc-4840-8a2e-a7e8e8322285", "isDeleted:":"true", "version":"1731098217743"}}
{"logTime": "1123/210242", "correlationVector":"F9TgyMVJmMlBzKQzu4webm.49","action":"GetUpdates", "result":"DeleteReceived", "context":{"id":"05270d52-3536-4970-aa1c-de11adcb1d42", "isDeleted:":"true", "version":"1731098311367"}}
{"logTime": "1123/210242", "correlationVector":"F9TgyMVJmMlBzKQzu4webm.50","action":"GetUpdates", "result":"DeleteReceived", "context":{"id":"d5bfe0ee-5af0-4d78-9257-a5dafb4eaa1d", "isDeleted:":"true", "version":"1731098806811"}}
{"logTime": "1123/210242", "correlationVector":"F9TgyMVJmMlBzKQzu4webm.51","action":"GetUpdates", "result":"DeleteReceived", "context":{"id":"dd3a0fbf-8b88-4752-8a90-958864479504", "isDeleted:":"true", "version":"1731100060826"}}
{"logTime": "1123/210242", "correlationVector":"F9TgyMVJmMlBzKQzu4webm.52","action":"GetUpdates", "result":"DeleteReceived", "context":{"id":"e3052c11-6ddc-4152-9abd-68b383744831", "isDeleted:":"true", "version":"1731100060827"}}
{"logTime": "1123/210242", "correlationVector":"F9TgyMVJmMlBzKQzu4webm.53","action":"GetUpdates", "result":"DeleteReceived", "context":{"id":"d0d3d4f8-6a3b-4b02-9a88-722260aacb13", "isDeleted:":"true", "version":"1731100062201"}}
{"logTime": "1123/210242", "correlationVector":"F9TgyMVJmMlBzKQzu4webm.54","action":"GetUpdates", "result":"DeleteReceived", "context":{"id":"ab5d68cd-c1bc-43a1-895a-0b928c95e34a", "isDeleted:":"true", "version":"1731100062203"}}
{"logTime": "1123/210242", "correlationVector":"F9TgyMVJmMlBzKQzu4webm.55","action":"GetUpdates", "result":"DeleteReceived", "context":{"id":"cd91c17b-096f-44f4-bf8b-e9a144bb7777", "isDeleted:":"true", "version":"1731100359590"}}
{"logTime": "1123/210242", "correlationVector":"F9TgyMVJmMlBzKQzu4webm.56","action":"GetUpdates", "result":"DeleteReceived", "context":{"id":"5dce5e59-33f4-479d-a6e0-571bca85de6a", "isDeleted:":"true", "version":"1731102762849"}}
{"logTime": "1123/210242", "correlationVector":"F9TgyMVJmMlBzKQzu4webm.57","action":"GetUpdates", "result":"DeleteReceived", "context":{"id":"21eb5d52-f8cb-41ed-8b2e-a1347b5381a7", "isDeleted:":"true", "version":"1731102762851"}}
{"logTime": "1123/210242", "correlationVector":"F9TgyMVJmMlBzKQzu4webm.58","action":"GetUpdates", "result":"DeleteReceived", "context":{"id":"44daaa14-7994-4598-b4d7-db87b1f2e5a4", "isDeleted:":"true", "version":"1731102762853"}}
{"logTime": "1123/210242", "correlationVector":"F9TgyMVJmMlBzKQzu4webm.59","action":"GetUpdates", "result":"DeleteReceived", "context":{"id":"5c827c50-6954-4b3e-83ff-dcaac1902177", "isDeleted:":"true", "version":"1731102762854"}}
{"logTime": "1123/210242", "correlationVector":"F9TgyMVJmMlBzKQzu4webm.60","action":"GetUpdates", "result":"DeleteReceived", "context":{"id":"17317754-62fd-4ee5-a112-71c23df07bc0", "isDeleted:":"true", "version":"1731168626102"}}
{"logTime": "1123/210242", "correlationVector":"F9TgyMVJmMlBzKQzu4webm.61","action":"GetUpdates", "result":"DeleteReceived", "context":{"id":"1b703c01-19c2-4d81-959b-624e208d2a5d", "isDeleted:":"true", "version":"1731168626104"}}
{"logTime": "1123/210242", "correlationVector":"F9TgyMVJmMlBzKQzu4webm.62","action":"GetUpdates", "result":"DeleteReceived", "context":{"id":"fa210af6-9f3a-47a9-99e3-1f21f45fd60d", "isDeleted:":"true", "version":"1731168626105"}}
{"logTime": "1123/210242", "correlationVector":"F9TgyMVJmMlBzKQzu4webm.63","action":"GetUpdates", "result":"DeleteReceived", "context":{"id":"53090548-fa43-4fbc-8ec4-a704b208b2a6", "isDeleted:":"true", "version":"1731170060880"}}
{"logTime": "1123/210242", "correlationVector":"F9TgyMVJmMlBzKQzu4webm.64","action":"GetUpdates", "result":"DeleteReceived", "context":{"id":"13993bfd-abd9-4ea2-a9fb-0ef197c14214", "isDeleted:":"true", "version":"1731170060882"}}
{"logTime": "1123/210242", "correlationVector":"F9TgyMVJmMlBzKQzu4webm.65","action":"GetUpdates", "result":"DeleteReceived", "context":{"id":"5989aa62-5208-496b-a93b-8e3fd05fc711", "isDeleted:":"true", "version":"1731170060883"}}
{"logTime": "1123/210242", "correlationVector":"F9TgyMVJmMlBzKQzu4webm.66","action":"GetUpdates", "result":"DeleteReceived", "context":{"id":"bce07711-e4fc-421c-8b62-22f77f8a1b5f", "isDeleted:":"true", "version":"1731170060884"}}
{"logTime": "1123/210242", "correlationVector":"F9TgyMVJmMlBzKQzu4webm.67","action":"GetUpdates", "result":"DeleteReceived", "context":{"id":"8f58407d-9a2b-441f-b805-13dc8870bb85", "isDeleted:":"true", "version":"1731170114134"}}
{"logTime": "1123/210242", "correlationVector":"F9TgyMVJmMlBzKQzu4webm.68","action":"GetUpdates", "result":"DeleteReceived", "context":{"id":"fb60edee-3a1b-4caa-9bba-3fe8669bca01", "isDeleted:":"true", "version":"1731170137703"}}
{"logTime": "1123/210242", "correlationVector":"F9TgyMVJmMlBzKQzu4webm.69","action":"GetUpdates", "result":"DeleteReceived", "context":{"id":"6ae6d32d-9d79-4859-b8a8-3d6596282b6a", "isDeleted:":"true", "version":"1731170244217"}}
{"logTime": "1123/210242", "correlationVector":"F9TgyMVJmMlBzKQzu4webm.70","action":"GetUpdates", "result":"DeleteReceived", "context":{"id":"320c06e1-a3e3-40a2-812f-9615d3db18a2", "isDeleted:":"true", "version":"1731170244218"}}
{"logTime": "1123/210242", "correlationVector":"F9TgyMVJmMlBzKQzu4webm.71","action":"GetUpdates", "result":"DeleteReceived", "context":{"id":"68401a51-6d37-4065-990c-5a8a055d57b3", "isDeleted:":"true", "version":"1731170459594"}}
{"logTime": "1123/210242", "correlationVector":"F9TgyMVJmMlBzKQzu4webm.72","action":"GetUpdates", "result":"DeleteReceived", "context":{"id":"7076496d-8f86-497e-a9bf-0dac5d26be74", "isDeleted:":"true", "version":"1731170828489"}}
{"logTime": "1123/210242", "correlationVector":"F9TgyMVJmMlBzKQzu4webm.73","action":"GetUpdates", "result":"DeleteReceived", "context":{"id":"df99623c-e159-40c5-8391-d796cac01af7", "isDeleted:":"true", "version":"1731171217739"}}
{"logTime": "1123/210242", "correlationVector":"F9TgyMVJmMlBzKQzu4webm.74","action":"GetUpdates", "result":"DeleteReceived", "context":{"id":"71eb0c70-7391-4e63-b4bc-85e6536fa898", "isDeleted:":"true", "version":"1731171217740"}}
{"logTime": "1123/210242", "correlationVector":"F9TgyMVJmMlBzKQzu4webm.75","action":"GetUpdates", "result":"DeleteReceived", "context":{"id":"24dde75d-b28e-416b-909f-f466b3680203", "isDeleted:":"true", "version":"1731171217742"}}
{"logTime": "1123/210242", "correlationVector":"F9TgyMVJmMlBzKQzu4webm.76","action":"GetUpdates", "result":"DeleteReceived", "context":{"id":"1a3aba51-9ead-4f8b-bc90-2bac7cec35aa", "isDeleted:":"true", "version":"1731173229260"}}
{"logTime": "1123/210242", "correlationVector":"F9TgyMVJmMlBzKQzu4webm.77","action":"GetUpdates", "result":"DeleteReceived", "context":{"id":"7896db44-818e-4b4f-b67c-4b64161af40a", "isDeleted:":"true", "version":"1731173229261"}}
{"logTime": "1123/210242", "correlationVector":"F9TgyMVJmMlBzKQzu4webm.78","action":"GetUpdates", "result":"DeleteReceived", "context":{"id":"62f838e3-9504-473e-8c98-e9fcbd8df4bc", "isDeleted:":"true", "version":"1731173229262"}}
{"logTime": "1123/210242", "correlationVector":"F9TgyMVJmMlBzKQzu4webm.79","action":"GetUpdates", "result":"DeleteReceived", "context":{"id":"96e5c7e4-ee72-4eea-ac26-3c4696712b92", "isDeleted:":"true", "version":"1731173229264"}}
{"logTime": "1123/210242", "correlationVector":"F9TgyMVJmMlBzKQzu4webm.80","action":"GetUpdates", "result":"DeleteReceived", "context":{"id":"11bf6b08-7c43-45ae-90b0-785f323e72ae", "isDeleted:":"true", "version":"1731175920605"}}
{"logTime": "1123/210242", "correlationVector":"F9TgyMVJmMlBzKQzu4webm.81","action":"GetUpdates", "result":"DeleteReceived", "context":{"id":"7d688438-e7b3-459f-9270-fed13949fd5b", "isDeleted:":"true", "version":"1731175920606"}}
{"logTime": "1123/210242", "correlationVector":"F9TgyMVJmMlBzKQzu4webm.82","action":"GetUpdates", "result":"DeleteReceived", "context":{"id":"3a960196-46b3-4420-926a-450345b15a7b", "isDeleted:":"true", "version":"1731175920607"}}
{"logTime": "1123/210242", "correlationVector":"F9TgyMVJmMlBzKQzu4webm.83","action":"GetUpdates", "result":"DeleteReceived", "context":{"id":"ea7b6a10-c94b-441f-b312-326067cde54a", "isDeleted:":"true", "version":"1731175920608"}}
{"logTime": "1123/210242", "correlationVector":"F9TgyMVJmMlBzKQzu4webm.84","action":"GetUpdates", "result":"DeleteReceived", "context":{"id":"a6105a9a-ee38-4d50-acc6-2f9ba5270e83", "isDeleted:":"true", "version":"1731178748401"}}
{"logTime": "1123/210242", "correlationVector":"F9TgyMVJmMlBzKQzu4webm.85","action":"GetUpdates", "result":"DeleteReceived", "context":{"id":"59f641d1-afa2-443c-8206-a008ca8d3f6c", "isDeleted:":"true", "version":"1731178977511"}}
{"logTime": "1123/210242", "correlationVector":"F9TgyMVJmMlBzKQzu4webm.86","action":"GetUpdates", "result":"DeleteReceived", "context":{"id":"393aca9f-2fa1-4b5e-bdc7-7ab91a512cb7", "isDeleted:":"true", "version":"1731179205873"}}
{"logTime": "1123/210242", "correlationVector":"F9TgyMVJmMlBzKQzu4webm.87","action":"GetUpdates", "result":"DeleteReceived", "context":{"id":"7d1fb8d5-b07c-48ac-a6ea-2b3b25956917", "isDeleted:":"true", "version":"1731196256826"}}
{"logTime": "1123/210242", "correlationVector":"F9TgyMVJmMlBzKQzu4webm.88","action":"GetUpdates", "result":"DeleteReceived", "context":{"id":"ba63e381-16b3-491c-ae28-f63587c4dc48", "isDeleted:":"true", "version":"1731196256828"}}
{"logTime": "1123/210242", "correlationVector":"F9TgyMVJmMlBzKQzu4webm.89","action":"GetUpdates", "result":"DeleteReceived", "context":{"id":"5fef0c6e-0dd9-41db-86fd-5bfdb56c6bd5", "isDeleted:":"true", "version":"1731196256829"}}
{"logTime": "1123/210242", "correlationVector":"F9TgyMVJmMlBzKQzu4webm.90","action":"GetUpdates", "result":"DeleteReceived", "context":{"id":"56a1e067-7bd7-4f62-864a-7d05f14749a9", "isDeleted:":"true", "version":"1731196555498"}}
{"logTime": "1123/210242", "correlationVector":"F9TgyMVJmMlBzKQzu4webm.91","action":"GetUpdates", "result":"DeleteReceived", "context":{"id":"8788a246-0a6c-4ef1-adaf-38da0745b335", "isDeleted:":"true", "version":"1731244248763"}}
{"logTime": "1123/210242", "correlationVector":"F9TgyMVJmMlBzKQzu4webm.92","action":"GetUpdates", "result":"DeleteReceived", "context":{"id":"0592b5ab-e9ff-43f3-986e-2f41c3374d51", "isDeleted:":"true", "version":"1731247526027"}}
{"logTime": "1123/210242", "correlationVector":"F9TgyMVJmMlBzKQzu4webm.93","action":"GetUpdates", "result":"DeleteReceived", "context":{"id":"9fb1853d-2bc0-4ce7-9eeb-161ad2aeed11", "isDeleted:":"true", "version":"1731247526028"}}
{"logTime": "1123/210242", "correlationVector":"F9TgyMVJmMlBzKQzu4webm.94","action":"GetUpdates", "result":"DeleteReceived", "context":{"id":"3b4e635b-796c-4f58-ad39-0d3ecea578bf", "isDeleted:":"true", "version":"1731247526030"}}
{"logTime": "1123/210242", "correlationVector":"F9TgyMVJmMlBzKQzu4webm.95","action":"GetUpdates", "result":"DeleteReceived", "context":{"id":"7f38b6d9-3af3-4fbf-8ab1-78c0e3f44343", "isDeleted:":"true", "version":"1731247526034"}}
{"logTime": "1123/210242", "correlationVector":"F9TgyMVJmMlBzKQzu4webm.96","action":"GetUpdates", "result":"DeleteReceived", "context":{"id":"2389a75a-8c68-4900-8278-b775b00ed1dc", "isDeleted:":"true", "version":"1731247824644"}}
{"logTime": "1123/210242", "correlationVector":"F9TgyMVJmMlBzKQzu4webm.97","action":"GetUpdates", "result":"DeleteReceived", "context":{"id":"8fa097f0-41f3-49d2-ab07-6a7d21003d5e", "isDeleted:":"true", "version":"1731247824645"}}
{"logTime": "1123/210242", "correlationVector":"F9TgyMVJmMlBzKQzu4webm.98","action":"GetUpdates", "result":"DeleteReceived", "context":{"id":"c44a4626-b2b1-4565-ad4b-160d9d1a7e1b", "isDeleted:":"true", "version":"1731247824646"}}
{"logTime": "1123/210242", "correlationVector":"F9TgyMVJmMlBzKQzu4webm.99","action":"GetUpdates", "result":"DeleteReceived", "context":{"id":"d9664585-faa4-4551-94ce-a8f6a267c981", "isDeleted:":"true", "version":"1731247824647"}}
{"logTime": "1123/210242", "correlationVector":"F9TgyMVJmMlBzKQzu4webm.100","action":"GetUpdates", "result":"DeleteReceived", "context":{"id":"922e0867-358d-4d6f-8313-a1e9e49287e2", "isDeleted:":"true", "version":"1731247824648"}}
{"logTime": "1123/210242", "correlationVector":"F9TgyMVJmMlBzKQzu4webm.101","action":"GetUpdates", "result":"DeleteReceived", "context":{"id":"b1f0b0a5-cf5f-4c17-a9c7-fd1c1addb4fc", "isDeleted:":"true", "version":"1731249134545"}}
{"logTime": "1123/210242", "correlationVector":"F9TgyMVJmMlBzKQzu4webm.102","action":"GetUpdates", "result":"DeleteReceived", "context":{"id":"34910bb5-1624-40b8-8fe6-524a69913a7a", "isDeleted:":"true", "version":"1731249134546"}}
{"logTime": "1123/210242", "correlationVector":"F9TgyMVJmMlBzKQzu4webm.103","action":"GetUpdates", "result":"DeleteReceived", "context":{"id":"5f6c8d38-a594-4018-a1c1-600fe875dd4f", "isDeleted:":"true", "version":"1731253417663"}}
{"logTime": "1123/210242", "correlationVector":"F9TgyMVJmMlBzKQzu4webm.104","action":"GetUpdates", "result":"DeleteReceived", "context":{"id":"e3e6d6b7-65b3-47bb-af5b-110085c02e36", "isDeleted:":"true", "version":"1731253417668"}}
{"logTime": "1123/210242", "correlationVector":"F9TgyMVJmMlBzKQzu4webm.105","action":"GetUpdates", "result":"DeleteReceived", "context":{"id":"fc482a2c-a8fa-424d-b24f-90b0192ced85", "isDeleted:":"true", "version":"1731271086107"}}
{"logTime": "1123/210242", "correlationVector":"F9TgyMVJmMlBzKQzu4webm.106","action":"GetUpdates", "result":"DeleteReceived", "context":{"id":"ee3cdc10-f10b-4442-9ef1-8460ad3d3d24", "isDeleted:":"true", "version":"1731271086109"}}
{"logTime": "1123/210242", "correlationVector":"F9TgyMVJmMlBzKQzu4webm.107","action":"GetUpdates", "result":"DeleteReceived", "context":{"id":"da88b350-c1f0-40f3-a663-234c8f5368b5", "isDeleted:":"true", "version":"1731271086110"}}
{"logTime": "1123/210242", "correlationVector":"F9TgyMVJmMlBzKQzu4webm.108","action":"GetUpdates", "result":"DeleteReceived", "context":{"id":"d3c035ea-3b96-4524-9eb5-0a4089d753af", "isDeleted:":"true", "version":"1731271086111"}}
{"logTime": "1123/210242", "correlationVector":"F9TgyMVJmMlBzKQzu4webm.109","action":"GetUpdates", "result":"DeleteReceived", "context":{"id":"9f9c43a5-5417-457d-beed-1eb52b876d83", "isDeleted:":"true", "version":"1731271086112"}}
{"logTime": "1123/210242", "correlationVector":"F9TgyMVJmMlBzKQzu4webm.110","action":"GetUpdates", "result":"DeleteReceived", "context":{"id":"e417f585-080b-4048-a25b-b3dcbeb6645b", "isDeleted:":"true", "version":"1731444338636"}}
{"logTime": "1123/210242", "correlationVector":"F9TgyMVJmMlBzKQzu4webm.111","action":"GetUpdates", "result":"DeleteReceived", "context":{"id":"5d5ac372-4d61-4f0f-bf62-f4cdbe6b866a", "isDeleted:":"true", "version":"1731447793640"}}
{"logTime": "1123/210242", "correlationVector":"F9TgyMVJmMlBzKQzu4webm.112","action":"GetUpdates", "result":"DeleteReceived", "context":{"id":"5656225f-0546-498b-b684-2c4449cbe7f1", "isDeleted:":"true", "version":"1731447844630"}}
{"logTime": "1123/210242", "correlationVector":"F9TgyMVJmMlBzKQzu4webm.113","action":"GetUpdates", "result":"DeleteReceived", "context":{"id":"0e0170e0-1952-435b-a717-e77c51290e4b", "isDeleted:":"true", "version":"1731480853950"}}
{"logTime": "1123/210242", "correlationVector":"F9TgyMVJmMlBzKQzu4webm.114","action":"GetUpdates", "result":"DeleteReceived", "context":{"id":"e4b9d539-8976-4d4f-bda1-3329a8ebc178", "isDeleted:":"true", "version":"1731480853951"}}
{"logTime": "1123/210242", "correlationVector":"F9TgyMVJmMlBzKQzu4webm.115","action":"GetUpdates", "result":"DeleteReceived", "context":{"id":"1500fbc5-aa3f-45f4-aed9-e1fbf456f357", "isDeleted:":"true", "version":"1731480853953"}}
{"logTime": "1123/210242", "correlationVector":"F9TgyMVJmMlBzKQzu4webm.116","action":"GetUpdates", "result":"DeleteReceived", "context":{"id":"56f2fa18-226d-43fa-a195-c8f17ce3f64a", "isDeleted:":"true", "version":"1731480853954"}}
{"logTime": "1123/210242", "correlationVector":"F9TgyMVJmMlBzKQzu4webm.117","action":"GetUpdates", "result":"DeleteReceived", "context":{"id":"4824bcfe-caa1-4ce6-89bb-e42647f27dde", "isDeleted:":"true", "version":"1731480853955"}}
{"logTime": "1123/210242", "correlationVector":"F9TgyMVJmMlBzKQzu4webm.118","action":"GetUpdates", "result":"DeleteReceived", "context":{"id":"204de236-95c8-4613-afbf-81af00ba933d", "isDeleted:":"true", "version":"1731489324979"}}
{"logTime": "1123/210242", "correlationVector":"F9TgyMVJmMlBzKQzu4webm.119","action":"GetUpdates", "result":"DeleteReceived", "context":{"id":"46ab61a9-4b30-43a3-846c-0396392fbf05", "isDeleted:":"true", "version":"1731489324984"}}
{"logTime": "1123/210242", "correlationVector":"F9TgyMVJmMlBzKQzu4webm.120","action":"GetUpdates", "result":"DeleteReceived", "context":{"id":"c3d7b658-4910-4962-ad3c-8d466179f9fe", "isDeleted:":"true", "version":"1731489379113"}}
{"logTime": "1123/210242", "correlationVector":"F9TgyMVJmMlBzKQzu4webm.121","action":"GetUpdates", "result":"DeleteReceived", "context":{"id":"a7cf100b-5675-448f-8140-e396f203aac2", "isDeleted:":"true", "version":"1731489379114"}}
{"logTime": "1123/210242", "correlationVector":"F9TgyMVJmMlBzKQzu4webm.122","action":"GetUpdates", "result":"DeleteReceived", "context":{"id":"6c84ac3e-6998-4fc4-b933-13f071c715fe", "isDeleted:":"true", "version":"1731489379115"}}
{"logTime": "1123/210242", "correlationVector":"F9TgyMVJmMlBzKQzu4webm.123","action":"GetUpdates", "result":"DeleteReceived", "context":{"id":"3f9aeb6d-f6fa-40fa-9572-baf7c3f7eeed", "isDeleted:":"true", "version":"1731489533885"}}
{"logTime": "1123/210242", "correlationVector":"F9TgyMVJmMlBzKQzu4webm.124","action":"GetUpdates", "result":"DeleteReceived", "context":{"id":"706b40bb-e63a-4713-8a25-81277ec5b3cb", "isDeleted:":"true", "version":"1731489533887"}}
{"logTime": "1123/210242", "correlationVector":"F9TgyMVJmMlBzKQzu4webm.125","action":"GetUpdates", "result":"DeleteReceived", "context":{"id":"4adbcda2-893f-4097-9648-39a8d534f5b2", "isDeleted:":"true", "version":"1730039734143"}}
{"logTime": "1123/210242", "correlationVector":"F9TgyMVJmMlBzKQzu4webm.126","action":"GetUpdates Response", "result":"Success", "context":Received 250 update(s). cV=F9TgyMVJmMlBzKQzu4webm.0;server=general0100001E;cloudType=Consumer;environment=Prod_WestEurope_000l;migrationStage=NotStarted Some updates remain.}
{"logTime": "1123/210242", "correlationVector":"1nhoViCQKnMtQs3xX9fkWK","action":"Initial GetUpdates", "result":"", "context":Reason: NEWLY_SUPPORTED_DATATYPE. cV=1nhoViCQKnMtQs3xX9fkWK}
{"logTime": "1123/210242", "correlationVector":"1nhoViCQKnMtQs3xX9fkWK.1","action":"SyncServerConnectionManagerRequest", "result":"SYNC_SERVER_OK", "context":{"environment":"Prod_WestEurope_000l", "migrationStage":"NotStarted", "server":"general0100000H"}}
{"logTime": "1123/210242", "correlationVector":"1nhoViCQKnMtQs3xX9fkWK.2","action":"GetUpdates", "result":"DeleteReceived", "context":{"id":"1d7b4178-a4bc-47ea-9001-4085daa81ff2", "isDeleted:":"true", "version":"1731681249273"}}
{"logTime": "1123/210242", "correlationVector":"1nhoViCQKnMtQs3xX9fkWK.3","action":"GetUpdates", "result":"DeleteReceived", "context":{"id":"eee7e321-2066-44f9-9395-c0b115a94b2c", "isDeleted:":"true", "version":"1732103354897"}}
{"logTime": "1123/210242", "correlationVector":"1nhoViCQKnMtQs3xX9fkWK.4","action":"GetUpdates", "result":"DeleteReceived", "context":{"id":"fa7a5395-62ca-4539-8435-a76bc84f50a6", "isDeleted:":"true", "version":"1731500543142"}}
{"logTime": "1123/210242", "correlationVector":"1nhoViCQKnMtQs3xX9fkWK.5","action":"GetUpdates", "result":"DeleteReceived", "context":{"id":"677acf19-0508-4f44-b02b-48e63230c7c8", "isDeleted:":"true", "version":"1731500543143"}}
{"logTime": "1123/210242", "correlationVector":"1nhoViCQKnMtQs3xX9fkWK.6","action":"GetUpdates", "result":"DeleteReceived", "context":{"id":"a1eb63fd-1e1d-4539-bf8b-eae08e57fb87", "isDeleted:":"true", "version":"1731503119739"}}
{"logTime": "1123/210242", "correlationVector":"1nhoViCQKnMtQs3xX9fkWK.7","action":"GetUpdates", "result":"DeleteReceived", "context":{"id":"7c99035c-f843-4eaf-a928-a85c86501e39", "isDeleted:":"true", "version":"1731603409697"}}
{"logTime": "1123/210242", "correlationVector":"1nhoViCQKnMtQs3xX9fkWK.8","action":"GetUpdates", "result":"DeleteReceived", "context":{"id":"70227d1e-09f8-4acb-97a9-d5638b4d3d9e", "isDeleted:":"true", "version":"1731603409698"}}
{"logTime": "1123/210242", "correlationVector":"1nhoViCQKnMtQs3xX9fkWK.9","action":"GetUpdates", "result":"DeleteReceived", "context":{"id":"feb5a9e8-796e-4733-959d-9d3f9f493242", "isDeleted:":"true", "version":"1731603409699"}}
{"logTime": "1123/210242", "correlationVector":"1nhoViCQKnMtQs3xX9fkWK.10","action":"GetUpdates", "result":"DeleteReceived", "context":{"id":"a20d986e-315b-4bfd-a2a9-ea08fc09cd64", "isDeleted:":"true", "version":"1731603409700"}}
{"logTime": "1123/210242", "correlationVector":"1nhoViCQKnMtQs3xX9fkWK.11","action":"GetUpdates", "result":"DeleteReceived", "context":{"id":"57018401-1f3c-4acb-b0b6-1c4a16e78b4e", "isDeleted:":"true", "version":"1731603409701"}}
{"logTime": "1123/210242", "correlationVector":"1nhoViCQKnMtQs3xX9fkWK.12","action":"GetUpdates", "result":"DeleteReceived", "context":{"id":"4c2cc7fe-bb09-4ab8-96fb-a533eae3f3d5", "isDeleted:":"true", "version":"1731603431152"}}
{"logTime": "1123/210242", "correlationVector":"1nhoViCQKnMtQs3xX9fkWK.13","action":"GetUpdates", "result":"DeleteReceived", "context":{"id":"24032216-173d-49a2-91b5-0366f0a293d6", "isDeleted:":"true", "version":"1731605794531"}}
{"logTime": "1123/210242", "correlationVector":"1nhoViCQKnMtQs3xX9fkWK.14","action":"GetUpdates", "result":"DeleteReceived", "context":{"id":"75153a9c-34f8-4cb0-8445-bafea0dcaa65", "isDeleted:":"true", "version":"1731607114607"}}
{"logTime": "1123/210242", "correlationVector":"1nhoViCQKnMtQs3xX9fkWK.15","action":"GetUpdates", "result":"DeleteReceived", "context":{"id":"3b48ef87-ce78-42d2-8990-c2ed769bee21", "isDeleted:":"true", "version":"1731607114608"}}
{"logTime": "1123/210242", "correlationVector":"1nhoViCQKnMtQs3xX9fkWK.16","action":"GetUpdates", "result":"DeleteReceived", "context":{"id":"807d3c5d-1daa-47dd-b705-86fbcd0582b6", "isDeleted:":"true", "version":"1731607305238"}}
{"logTime": "1123/210242", "correlationVector":"1nhoViCQKnMtQs3xX9fkWK.17","action":"GetUpdates", "result":"DeleteReceived", "context":{"id":"983b77eb-01d5-4b9a-b0df-1b18952012c2", "isDeleted:":"true", "version":"1731608337594"}}
{"logTime": "1123/210242", "correlationVector":"1nhoViCQKnMtQs3xX9fkWK.18","action":"GetUpdates", "result":"DeleteReceived", "context":{"id":"0b9076fa-2b3f-47cc-8a60-c9c26903ba1e", "isDeleted:":"true", "version":"1731608337595"}}
{"logTime": "1123/210242", "correlationVector":"1nhoViCQKnMtQs3xX9fkWK.19","action":"GetUpdates", "result":"DeleteReceived", "context":{"id":"0ca8a8ae-f13b-44bb-8ed2-53dcb05611ec", "isDeleted:":"true", "version":"1731608337596"}}
{"logTime": "1123/210242", "correlationVector":"1nhoViCQKnMtQs3xX9fkWK.20","action":"GetUpdates", "result":"DeleteReceived", "context":{"id":"f6d96746-7cf2-4fc6-89e6-a931bbed7cb3", "isDeleted:":"true", "version":"1731608337597"}}
{"logTime": "1123/210242", "correlationVector":"1nhoViCQKnMtQs3xX9fkWK.21","action":"GetUpdates", "result":"DeleteReceived", "context":{"id":"f3aade6e-817a-4e92-a885-45ea507def32", "isDeleted:":"true", "version":"1731608337598"}}
{"logTime": "1123/210242", "correlationVector":"1nhoViCQKnMtQs3xX9fkWK.22","action":"GetUpdates", "result":"DeleteReceived", "context":{"id":"b1c821a4-5230-4527-9765-5566743dd4aa", "isDeleted:":"true", "version":"1731608337600"}}
{"logTime": "1123/210242", "correlationVector":"1nhoViCQKnMtQs3xX9fkWK.23","action":"GetUpdates", "result":"DeleteReceived", "context":{"id":"bcb459b4-0f99-444b-bae1-637cb1342aa4", "isDeleted:":"true", "version":"1731608337601"}}
{"logTime": "1123/210242", "correlationVector":"1nhoViCQKnMtQs3xX9fkWK.24","action":"GetUpdates", "result":"DeleteReceived", "context":{"id":"a5dd38b5-7ab4-4235-b042-a63f3dc35447", "isDeleted:":"true", "version":"1731608405691"}}
{"logTime": "1123/210242", "correlationVector":"1nhoViCQKnMtQs3xX9fkWK.25","action":"GetUpdates", "result":"DeleteReceived", "context":{"id":"a2d4e2fd-be47-4ed8-a1dc-1b81a7e5b86a", "isDeleted:":"true", "version":"1731608731892"}}
{"logTime": "1123/210242", "correlationVector":"1nhoViCQKnMtQs3xX9fkWK.26","action":"GetUpdates", "result":"DeleteReceived", "context":{"id":"1a456af3-364d-48f3-abaa-df7c421cba21", "isDeleted:":"true", "version":"1731681248369"}}
{"logTime": "1123/210242", "correlationVector":"1nhoViCQKnMtQs3xX9fkWK.27","action":"GetUpdates", "result":"DeleteReceived", "context":{"id":"71f27a73-c9b8-4836-a7ff-158b7abeaf01", "isDeleted:":"true", "version":"1731681248370"}}
{"logTime": "1123/210242", "correlationVector":"1nhoViCQKnMtQs3xX9fkWK.28","action":"GetUpdates", "result":"DeleteReceived", "context":{"id":"2c927209-0617-4b5d-b9e7-bf57ac290e49", "isDeleted:":"true", "version":"1731681248372"}}
{"logTime": "1123/210242", "correlationVector":"1nhoViCQKnMtQs3xX9fkWK.29","action":"GetUpdates", "result":"DeleteReceived", "context":{"id":"f2f89b1a-039f-4fb2-8abb-50546e758213", "isDeleted:":"true", "version":"1731681248373"}}
{"logTime": "1123/210242", "correlationVector":"1nhoViCQKnMtQs3xX9fkWK.30","action":"GetUpdates", "result":"DeleteReceived", "context":{"id":"1bbd6399-acfa-4e1b-86e7-03c7702b4ed1", "isDeleted:":"true", "version":"1731681248374"}}
{"logTime": "1123/210242", "correlationVector":"1nhoViCQKnMtQs3xX9fkWK.31","action":"GetUpdates", "result":"DeleteReceived", "context":{"id":"1f4ea0a2-c3eb-45af-81eb-cefc28b455b6", "isDeleted:":"true", "version":"1731776553441"}}
{"logTime": "1123/210242", "correlationVector":"1nhoViCQKnMtQs3xX9fkWK.32","action":"GetUpdates", "result":"DeleteReceived", "context":{"id":"7ee778e7-53e5-4bdb-9dd3-6c81586db194", "isDeleted:":"true", "version":"1731776553442"}}
{"logTime": "1123/210242", "correlationVector":"1nhoViCQKnMtQs3xX9fkWK.33","action":"GetUpdates", "result":"DeleteReceived", "context":{"id":"52cd643a-8a2d-46c1-a274-e09377b4d771", "isDeleted:":"true", "version":"1731776553443"}}
{"logTime": "1123/210242", "correlationVector":"1nhoViCQKnMtQs3xX9fkWK.34","action":"GetUpdates", "result":"DeleteReceived", "context":{"id":"b4c7f24c-9ab7-460c-8c14-e5c5664ec961", "isDeleted:":"true", "version":"1731781129652"}}
{"logTime": "1123/210242", "correlationVector":"1nhoViCQKnMtQs3xX9fkWK.35","action":"GetUpdates", "result":"DeleteReceived", "context":{"id":"3acd518e-0096-49f8-9e37-9b6dd2b0be62", "isDeleted:":"true", "version":"1731781129654"}}
{"logTime": "1123/210242", "correlationVector":"1nhoViCQKnMtQs3xX9fkWK.36","action":"GetUpdates", "result":"DeleteReceived", "context":{"id":"21bd1a09-7cb4-4d65-92d0-4f4f42317228", "isDeleted:":"true", "version":"1731783158107"}}
{"logTime": "1123/210242", "correlationVector":"1nhoViCQKnMtQs3xX9fkWK.37","action":"GetUpdates", "result":"DeleteReceived", "context":{"id":"b0061cc9-37ee-458b-af73-ccf2c1f0ca9c", "isDeleted:":"true", "version":"1731789390579"}}
{"logTime": "1123/210242", "correlationVector":"1nhoViCQKnMtQs3xX9fkWK.38","action":"GetUpdates", "result":"DeleteReceived", "context":{"id":"36ea3abc-729f-4858-936b-52874406fead", "isDeleted:":"true", "version":"1731791020785"}}
{"logTime": "1123/210242", "correlationVector":"1nhoViCQKnMtQs3xX9fkWK.39","action":"GetUpdates", "result":"DeleteReceived", "context":{"id":"841013d8-8522-4008-853f-b7afff757728", "isDeleted:":"true", "version":"1731791020789"}}
{"logTime": "1123/210242", "correlationVector":"1nhoViCQKnMtQs3xX9fkWK.40","action":"GetUpdates", "result":"DeleteReceived", "context":{"id":"f1c1049a-851b-4eb3-84d0-9612c73a919d", "isDeleted:":"true", "version":"1731797922108"}}
{"logTime": "1123/210242", "correlationVector":"1nhoViCQKnMtQs3xX9fkWK.41","action":"GetUpdates", "result":"DeleteReceived", "context":{"id":"1ea14a57-7d7a-4172-b016-436120621f45", "isDeleted:":"true", "version":"1731797922109"}}
{"logTime": "1123/210242", "correlationVector":"1nhoViCQKnMtQs3xX9fkWK.42","action":"GetUpdates", "result":"DeleteReceived", "context":{"id":"c6f2d59f-a617-418f-a782-d063a845b7e0", "isDeleted:":"true", "version":"1731797922111"}}
{"logTime": "1123/210242", "correlationVector":"1nhoViCQKnMtQs3xX9fkWK.43","action":"GetUpdates", "result":"DeleteReceived", "context":{"id":"f31ec78f-4128-4a71-9ec2-c5467347557b", "isDeleted:":"true", "version":"1731799507403"}}
{"logTime": "1123/210242", "correlationVector":"1nhoViCQKnMtQs3xX9fkWK.44","action":"GetUpdates", "result":"DeleteReceived", "context":{"id":"0d6c8e0f-1e91-49c2-8bfe-17d3a824967a", "isDeleted:":"true", "version":"1731799507406"}}
{"logTime": "1123/210242", "correlationVector":"1nhoViCQKnMtQs3xX9fkWK.45","action":"GetUpdates", "result":"DeleteReceived", "context":{"id":"8589e012-af62-4cc5-a11a-9e1d6dab2a07", "isDeleted:":"true", "version":"1731802245740"}}
{"logTime": "1123/210242", "correlationVector":"1nhoViCQKnMtQs3xX9fkWK.46","action":"GetUpdates", "result":"DeleteReceived", "context":{"id":"333cdd10-6733-48d6-8053-84f56b38c7ce", "isDeleted:":"true", "version":"1731802314217"}}
{"logTime": "1123/210242", "correlationVector":"1nhoViCQKnMtQs3xX9fkWK.47","action":"GetUpdates", "result":"DeleteReceived", "context":{"id":"676f9f27-4452-452d-971b-e4e965f16955", "isDeleted:":"true", "version":"1731805355397"}}
{"logTime": "1123/210242", "correlationVector":"1nhoViCQKnMtQs3xX9fkWK.48","action":"GetUpdates", "result":"DeleteReceived", "context":{"id":"a6a884da-6104-4439-883a-6d709de5f7df", "isDeleted:":"true", "version":"1731851947675"}}
{"logTime": "1123/210242", "correlationVector":"1nhoViCQKnMtQs3xX9fkWK.49","action":"GetUpdates", "result":"DeleteReceived", "context":{"id":"142cc2ef-a336-4468-90ba-87d2935791d8", "isDeleted:":"true", "version":"1731851947679"}}
{"logTime": "1123/210242", "correlationVector":"1nhoViCQKnMtQs3xX9fkWK.50","action":"GetUpdates", "result":"DeleteReceived", "context":{"id":"44deef1c-a904-4e90-aa54-50ae0a59d46b", "isDeleted:":"true", "version":"1731851947680"}}
{"logTime": "1123/210242", "correlationVector":"1nhoViCQKnMtQs3xX9fkWK.51","action":"GetUpdates", "result":"DeleteReceived", "context":{"id":"d1086430-d9d5-45d7-abaa-05e70e2f8b22", "isDeleted:":"true", "version":"1731858257717"}}
{"logTime": "1123/210242", "correlationVector":"1nhoViCQKnMtQs3xX9fkWK.52","action":"GetUpdates", "result":"DeleteReceived", "context":{"id":"7667d021-f756-4941-b595-db8b456ddb6f", "isDeleted:":"true", "version":"1731858257719"}}
{"logTime": "1123/210242", "correlationVector":"1nhoViCQKnMtQs3xX9fkWK.53","action":"GetUpdates", "result":"DeleteReceived", "context":{"id":"16b7d473-a638-4489-bc8d-8b0ef83d0aa6", "isDeleted:":"true", "version":"1731858257720"}}
{"logTime": "1123/210242", "correlationVector":"1nhoViCQKnMtQs3xX9fkWK.54","action":"GetUpdates", "result":"DeleteReceived", "context":{"id":"80cd9ed9-3908-4363-b21c-66805d158d39", "isDeleted:":"true", "version":"1731862134313"}}
{"logTime": "1123/210242", "correlationVector":"1nhoViCQKnMtQs3xX9fkWK.55","action":"GetUpdates", "result":"DeleteReceived", "context":{"id":"3088aa3f-b519-4598-bd3c-49d3da518ae5", "isDeleted:":"true", "version":"1731862134314"}}
{"logTime": "1123/210242", "correlationVector":"1nhoViCQKnMtQs3xX9fkWK.56","action":"GetUpdates", "result":"DeleteReceived", "context":{"id":"f1c55fe0-121c-4c53-8b28-839ecb80ffe2", "isDeleted:":"true", "version":"1731862605773"}}
{"logTime": "1123/210242", "correlationVector":"1nhoViCQKnMtQs3xX9fkWK.57","action":"GetUpdates", "result":"DeleteReceived", "context":{"id":"6acec0ba-2dc0-4516-a6bd-34f303eaedc2", "isDeleted:":"true", "version":"1731871590193"}}
{"logTime": "1123/210242", "correlationVector":"1nhoViCQKnMtQs3xX9fkWK.58","action":"GetUpdates", "result":"DeleteReceived", "context":{"id":"f95fc0c7-2d9f-42e8-aba9-c80f182e654b", "isDeleted:":"true", "version":"1731871590194"}}
{"logTime": "1123/210242", "correlationVector":"1nhoViCQKnMtQs3xX9fkWK.59","action":"GetUpdates", "result":"DeleteReceived", "context":{"id":"47feb509-d62d-421f-911d-787172e67d5b", "isDeleted:":"true", "version":"1731871590196"}}
{"logTime": "1123/210242", "correlationVector":"1nhoViCQKnMtQs3xX9fkWK.60","action":"GetUpdates", "result":"DeleteReceived", "context":{"id":"d024b79e-a838-4813-9d1f-272f6bc822ab", "isDeleted:":"true", "version":"1731871590197"}}
{"logTime": "1123/210242", "correlationVector":"1nhoViCQKnMtQs3xX9fkWK.61","action":"GetUpdates", "result":"DeleteReceived", "context":{"id":"ce3c6f4a-9ea5-4f94-9f91-299f9b6d0f32", "isDeleted:":"true", "version":"1731871590198"}}
{"logTime": "1123/210242", "correlationVector":"1nhoViCQKnMtQs3xX9fkWK.62","action":"GetUpdates", "result":"DeleteReceived", "context":{"id":"a815cd9a-bfae-4ead-9418-e5af49d428e2", "isDeleted:":"true", "version":"1731876448647"}}
{"logTime": "1123/210242", "correlationVector":"1nhoViCQKnMtQs3xX9fkWK.63","action":"GetUpdates", "result":"DeleteReceived", "context":{"id":"0d255048-6d22-478f-83ed-44c7b0727db5", "isDeleted:":"true", "version":"1731940509019"}}
{"logTime": "1123/210242", "correlationVector":"1nhoViCQKnMtQs3xX9fkWK.64","action":"GetUpdates", "result":"DeleteReceived", "context":{"id":"efa84837-e59f-4b2c-8611-9b7df6da909e", "isDeleted:":"true", "version":"1731940509020"}}
{"logTime": "1123/210242", "correlationVector":"1nhoViCQKnMtQs3xX9fkWK.65","action":"GetUpdates", "result":"DeleteReceived", "context":{"id":"5b5b5515-13ae-48c4-abdc-08244182656d", "isDeleted:":"true", "version":"1731940509021"}}
{"logTime": "1123/210242", "correlationVector":"1nhoViCQKnMtQs3xX9fkWK.66","action":"GetUpdates", "result":"DeleteReceived", "context":{"id":"1707885c-cbdb-483a-b355-98bc348ded95", "isDeleted:":"true", "version":"1731940509022"}}
{"logTime": "1123/210242", "correlationVector":"1nhoViCQKnMtQs3xX9fkWK.67","action":"GetUpdates", "result":"DeleteReceived", "context":{"id":"3ee21e34-625d-48de-960f-3265c126e1ea", "isDeleted:":"true", "version":"1731940569988"}}
{"logTime": "1123/210242", "correlationVector":"1nhoViCQKnMtQs3xX9fkWK.68","action":"GetUpdates", "result":"DeleteReceived", "context":{"id":"201b9b57-abcb-4e9b-8bfc-75c4d0dd70b2", "isDeleted:":"true", "version":"1731959679323"}}
{"logTime": "1123/210242", "correlationVector":"1nhoViCQKnMtQs3xX9fkWK.69","action":"GetUpdates", "result":"DeleteReceived", "context":{"id":"22fb3691-5671-4f24-87f4-8c762c2fdb11", "isDeleted:":"true", "version":"1731959937007"}}
{"logTime": "1123/210242", "correlationVector":"1nhoViCQKnMtQs3xX9fkWK.70","action":"GetUpdates", "result":"DeleteReceived", "context":{"id":"f182e0bd-37fb-4357-a677-07f0da257fae", "isDeleted:":"true", "version":"1731960306337"}}
{"logTime": "1123/210242", "correlationVector":"1nhoViCQKnMtQs3xX9fkWK.71","action":"GetUpdates", "result":"DeleteReceived", "context":{"id":"9873605f-e665-49a2-8eba-6eecd3f883fa", "isDeleted:":"true", "version":"1731962766018"}}
{"logTime": "1123/210242", "correlationVector":"1nhoViCQKnMtQs3xX9fkWK.72","action":"GetUpdates", "result":"DeleteReceived", "context":{"id":"31bcc097-777e-422d-b8b9-5d398ca4528b", "isDeleted:":"true", "version":"1731962766019"}}
{"logTime": "1123/210242", "correlationVector":"1nhoViCQKnMtQs3xX9fkWK.73","action":"GetUpdates", "result":"DeleteReceived", "context":{"id":"9508c8d7-0d1c-4b4b-82bd-a0060a020daf", "isDeleted:":"true", "version":"1731963717036"}}
{"logTime": "1123/210242", "correlationVector":"1nhoViCQKnMtQs3xX9fkWK.74","action":"GetUpdates", "result":"DeleteReceived", "context":{"id":"ddb9914c-3a9b-46f6-8a46-50b9f675f0ac", "isDeleted:":"true", "version":"1731963717038"}}
{"logTime": "1123/210242", "correlationVector":"1nhoViCQKnMtQs3xX9fkWK.75","action":"GetUpdates", "result":"DeleteReceived", "context":{"id":"fa193b80-16cc-468a-be5a-61537cf64706", "isDeleted:":"true", "version":"1731964576855"}}
{"logTime": "1123/210242", "correlationVector":"1nhoViCQKnMtQs3xX9fkWK.76","action":"GetUpdates", "result":"DeleteReceived", "context":{"id":"c59ed8ec-8ce6-4941-ac7b-f111e39a7f25", "isDeleted:":"true", "version":"1731964576857"}}
{"logTime": "1123/210242", "correlationVector":"1nhoViCQKnMtQs3xX9fkWK.77","action":"GetUpdates", "result":"DeleteReceived", "context":{"id":"f206dd0f-20e4-4d54-86da-7fb07df82dbc", "isDeleted:":"true", "version":"1731965479458"}}
{"logTime": "1123/210242", "correlationVector":"1nhoViCQKnMtQs3xX9fkWK.78","action":"GetUpdates", "result":"DeleteReceived", "context":{"id":"be3eb315-9264-428a-a6ba-03430d930207", "isDeleted:":"true", "version":"1731965479460"}}
{"logTime": "1123/210242", "correlationVector":"1nhoViCQKnMtQs3xX9fkWK.79","action":"GetUpdates", "result":"DeleteReceived", "context":{"id":"da24c20b-d95d-4f92-9e3e-3f85ca4b9a15", "isDeleted:":"true", "version":"1731965479461"}}
{"logTime": "1123/210242", "correlationVector":"1nhoViCQKnMtQs3xX9fkWK.80","action":"GetUpdates", "result":"DeleteReceived", "context":{"id":"ec14b5cd-c3b6-424d-8d65-42f073379a0c", "isDeleted:":"true", "version":"1731967757310"}}
{"logTime": "1123/210242", "correlationVector":"1nhoViCQKnMtQs3xX9fkWK.81","action":"GetUpdates", "result":"DeleteReceived", "context":{"id":"bdb4c4c6-5398-4f5d-bd31-8745c2bd38d1", "isDeleted:":"true", "version":"1731967757311"}}
{"logTime": "1123/210242", "correlationVector":"1nhoViCQKnMtQs3xX9fkWK.82","action":"GetUpdates", "result":"DeleteReceived", "context":{"id":"47f83eb1-2984-498f-9a61-d0f0d6401177", "isDeleted:":"true", "version":"1731967757314"}}
{"logTime": "1123/210242", "correlationVector":"1nhoViCQKnMtQs3xX9fkWK.83","action":"GetUpdates", "result":"DeleteReceived", "context":{"id":"d89063e5-8d03-4fc9-97e3-ff53c87eaf8f", "isDeleted:":"true", "version":"1731967757316"}}
{"logTime": "1123/210242", "correlationVector":"1nhoViCQKnMtQs3xX9fkWK.84","action":"GetUpdates", "result":"DeleteReceived", "context":{"id":"7bc0072e-f397-4a5c-9cd6-df72183721f3", "isDeleted:":"true", "version":"1731967757317"}}
{"logTime": "1123/210242", "correlationVector":"1nhoViCQKnMtQs3xX9fkWK.85","action":"GetUpdates", "result":"DeleteReceived", "context":{"id":"bf76950b-f694-4a7e-833b-9d3dbcb10cbf", "isDeleted:":"true", "version":"1731967757318"}}
{"logTime": "1123/210242", "correlationVector":"1nhoViCQKnMtQs3xX9fkWK.86","action":"GetUpdates", "result":"DeleteReceived", "context":{"id":"f32bf5d5-78b5-4eb5-b298-93e59f2c44f0", "isDeleted:":"true", "version":"1731969310184"}}
{"logTime": "1123/210242", "correlationVector":"1nhoViCQKnMtQs3xX9fkWK.87","action":"GetUpdates", "result":"DeleteReceived", "context":{"id":"28172c30-264d-4507-94bb-6684eb776196", "isDeleted:":"true", "version":"1731969310185"}}
{"logTime": "1123/210242", "correlationVector":"1nhoViCQKnMtQs3xX9fkWK.88","action":"GetUpdates", "result":"DeleteReceived", "context":{"id":"ec32a85a-7d13-4782-9e6a-7b5f9141a2fb", "isDeleted:":"true", "version":"1731969310187"}}
{"logTime": "1123/210242", "correlationVector":"1nhoViCQKnMtQs3xX9fkWK.89","action":"GetUpdates", "result":"DeleteReceived", "context":{"id":"7bed1801-8ac9-4767-8b10-a914dc5b1101", "isDeleted:":"true", "version":"1731969699774"}}
{"logTime": "1123/210242", "correlationVector":"1nhoViCQKnMtQs3xX9fkWK.90","action":"GetUpdates", "result":"DeleteReceived", "context":{"id":"f40593fb-60e0-47bf-a035-4634485a60eb", "isDeleted:":"true", "version":"1731969900097"}}
{"logTime": "1123/210242", "correlationVector":"1nhoViCQKnMtQs3xX9fkWK.91","action":"GetUpdates", "result":"DeleteReceived", "context":{"id":"1ecce1df-e59d-4529-ae7e-daa532f2aef2", "isDeleted:":"true", "version":"1731970636430"}}
{"logTime": "1123/210242", "correlationVector":"1nhoViCQKnMtQs3xX9fkWK.92","action":"GetUpdates", "result":"DeleteReceived", "context":{"id":"2938a778-38fc-45bb-aa1c-c9270d312b26", "isDeleted:":"true", "version":"1731972056414"}}
{"logTime": "1123/210242", "correlationVector":"1nhoViCQKnMtQs3xX9fkWK.93","action":"GetUpdates", "result":"DeleteReceived", "context":{"id":"4b54c409-b471-48a0-9ec2-cf60be27deaf", "isDeleted:":"true", "version":"1731972056415"}}
{"logTime": "1123/210242", "correlationVector":"1nhoViCQKnMtQs3xX9fkWK.94","action":"GetUpdates", "result":"DeleteReceived", "context":{"id":"db16008a-0a59-4b85-8745-10c4f1b147fb", "isDeleted:":"true", "version":"1731973019482"}}
{"logTime": "1123/210242", "correlationVector":"1nhoViCQKnMtQs3xX9fkWK.95","action":"GetUpdates", "result":"DeleteReceived", "context":{"id":"01ab4b42-9232-43eb-acbd-3044813bee11", "isDeleted:":"true", "version":"1731973233193"}}
{"logTime": "1123/210242", "correlationVector":"1nhoViCQKnMtQs3xX9fkWK.96","action":"GetUpdates", "result":"DeleteReceived", "context":{"id":"74792074-931d-49a5-b804-d8e7b095ac97", "isDeleted:":"true", "version":"1731975596529"}}
{"logTime": "1123/210242", "correlationVector":"1nhoViCQKnMtQs3xX9fkWK.97","action":"GetUpdates", "result":"DeleteReceived", "context":{"id":"14aecb78-8618-4a66-afb8-a02168ddf879", "isDeleted:":"true", "version":"1731975596531"}}
{"logTime": "1123/210242", "correlationVector":"1nhoViCQKnMtQs3xX9fkWK.98","action":"GetUpdates", "result":"DeleteReceived", "context":{"id":"82572d15-b3e6-4258-b67c-449fc84a75d2", "isDeleted:":"true", "version":"1731975596532"}}
{"logTime": "1123/210242", "correlationVector":"1nhoViCQKnMtQs3xX9fkWK.99","action":"GetUpdates", "result":"DeleteReceived", "context":{"id":"43537212-13e5-49fe-aa1d-498477256060", "isDeleted:":"true", "version":"1731977399482"}}
{"logTime": "1123/210242", "correlationVector":"1nhoViCQKnMtQs3xX9fkWK.100","action":"GetUpdates", "result":"DeleteReceived", "context":{"id":"39487b8f-8910-4fcd-8c6c-c0611ff05721", "isDeleted:":"true", "version":"1731977399484"}}
{"logTime": "1123/210242", "correlationVector":"1nhoViCQKnMtQs3xX9fkWK.101","action":"GetUpdates", "result":"DeleteReceived", "context":{"id":"0be66a83-082c-4ed8-863b-0c0e5eacfb7c", "isDeleted:":"true", "version":"1731977989264"}}
{"logTime": "1123/210242", "correlationVector":"1nhoViCQKnMtQs3xX9fkWK.102","action":"GetUpdates", "result":"DeleteReceived", "context":{"id":"faa6ab02-46a0-4473-82a2-737fe5fca4bc", "isDeleted:":"true", "version":"1731977989265"}}
{"logTime": "1123/210242", "correlationVector":"1nhoViCQKnMtQs3xX9fkWK.103","action":"GetUpdates", "result":"DeleteReceived", "context":{"id":"6e62883e-9b3d-4a6c-ad67-79b1aafc22b7", "isDeleted:":"true", "version":"1731977989266"}}
{"logTime": "1123/210242", "correlationVector":"1nhoViCQKnMtQs3xX9fkWK.104","action":"GetUpdates", "result":"DeleteReceived", "context":{"id":"eadddb28-b255-4c1e-9e41-d4c9a73546cb", "isDeleted:":"true", "version":"1731977989267"}}
{"logTime": "1123/210242", "correlationVector":"1nhoViCQKnMtQs3xX9fkWK.105","action":"GetUpdates", "result":"DeleteReceived", "context":{"id":"d6dbd9d7-90a7-4b1b-886a-7b98d2fa2b1c", "isDeleted:":"true", "version":"1731977989268"}}
{"logTime": "1123/210242", "correlationVector":"1nhoViCQKnMtQs3xX9fkWK.106","action":"GetUpdates", "result":"DeleteReceived", "context":{"id":"c3189283-1768-4876-ad6b-78fe842aa99a", "isDeleted:":"true", "version":"1731977989269"}}
{"logTime": "1123/210242", "correlationVector":"1nhoViCQKnMtQs3xX9fkWK.107","action":"GetUpdates", "result":"DeleteReceived", "context":{"id":"dc13af58-c759-4f1a-96c9-1ba9f637f558", "isDeleted:":"true", "version":"1731978354665"}}
{"logTime": "1123/210242", "correlationVector":"1nhoViCQKnMtQs3xX9fkWK.108","action":"GetUpdates", "result":"DeleteReceived", "context":{"id":"cf624311-0adf-4e16-b82e-2e84bf55074e", "isDeleted:":"true", "version":"1731978357236"}}
{"logTime": "1123/210242", "correlationVector":"1nhoViCQKnMtQs3xX9fkWK.109","action":"GetUpdates", "result":"DeleteReceived", "context":{"id":"237b4522-0450-4704-a006-c0427d995cc0", "isDeleted:":"true", "version":"1731978357237"}}
{"logTime": "1123/210242", "correlationVector":"1nhoViCQKnMtQs3xX9fkWK.110","action":"GetUpdates", "result":"DeleteReceived", "context":{"id":"bf3b6af7-511b-493f-915f-0978f4698e3a", "isDeleted:":"true", "version":"1731978629389"}}
{"logTime": "1123/210242", "correlationVector":"1nhoViCQKnMtQs3xX9fkWK.111","action":"GetUpdates", "result":"DeleteReceived", "context":{"id":"71c6b826-6a8b-4c54-a1eb-660eea2f5a3b", "isDeleted:":"true", "version":"1731978698438"}}
{"logTime": "1123/210242", "correlationVector":"1nhoViCQKnMtQs3xX9fkWK.112","action":"GetUpdates", "result":"DeleteReceived", "context":{"id":"0b68da0a-3a0b-446b-af62-9ad852bbe276", "isDeleted:":"true", "version":"1731978730104"}}
{"logTime": "1123/210242", "correlationVector":"1nhoViCQKnMtQs3xX9fkWK.113","action":"GetUpdates", "result":"DeleteReceived", "context":{"id":"a5479101-d6cb-4e20-8d8d-219776801441", "isDeleted:":"true", "version":"1731979062632"}}
{"logTime": "1123/210242", "correlationVector":"1nhoViCQKnMtQs3xX9fkWK.114","action":"GetUpdates", "result":"DeleteReceived", "context":{"id":"8e55c126-5c68-4ad2-9606-da19a9244060", "isDeleted:":"true", "version":"1732021656307"}}
{"logTime": "1123/210242", "correlationVector":"1nhoViCQKnMtQs3xX9fkWK.115","action":"GetUpdates", "result":"DeleteReceived", "context":{"id":"14bd4546-f3c4-43af-9f1c-e7df447a5cf8", "isDeleted:":"true", "version":"1732021656308"}}
{"logTime": "1123/210242", "correlationVector":"1nhoViCQKnMtQs3xX9fkWK.116","action":"GetUpdates", "result":"DeleteReceived", "context":{"id":"ec86874e-9c7a-442e-a991-8447f9ec31b1", "isDeleted:":"true", "version":"1732021684474"}}
{"logTime": "1123/210242", "correlationVector":"1nhoViCQKnMtQs3xX9fkWK.117","action":"GetUpdates", "result":"DeleteReceived", "context":{"id":"bf036e3a-118c-4287-9e5b-d5f0bf8184a0", "isDeleted:":"true", "version":"1732040726719"}}
{"logTime": "1123/210242", "correlationVector":"1nhoViCQKnMtQs3xX9fkWK.118","action":"GetUpdates", "result":"DeleteReceived", "context":{"id":"7cc5ae6b-dea4-4ae5-bab2-d651e3be10e1", "isDeleted:":"true", "version":"1732040726722"}}
{"logTime": "1123/210242", "correlationVector":"1nhoViCQKnMtQs3xX9fkWK.119","action":"GetUpdates", "result":"DeleteReceived", "context":{"id":"f0492ff7-a32c-4049-986e-2591bff98f18", "isDeleted:":"true", "version":"1732040726723"}}
{"logTime": "1123/210242", "correlationVector":"1nhoViCQKnMtQs3xX9fkWK.120","action":"GetUpdates", "result":"DeleteReceived", "context":{"id":"bd569fc4-ebbd-44fa-bddd-bde8079f6f8f", "isDeleted:":"true", "version":"1732040726724"}}
{"logTime": "1123/210242", "correlationVector":"1nhoViCQKnMtQs3xX9fkWK.121","action":"GetUpdates", "result":"DeleteReceived", "context":{"id":"e7080817-b89f-4dff-a8e6-32717d11459b", "isDeleted:":"true", "version":"1732040726725"}}
{"logTime": "1123/210242", "correlationVector":"1nhoViCQKnMtQs3xX9fkWK.122","action":"GetUpdates", "result":"DeleteReceived", "context":{"id":"0606f841-d1af-430f-b637-a79786ea7aa9", "isDeleted:":"true", "version":"1732040726726"}}
{"logTime": "1123/210242", "correlationVector":"1nhoViCQKnMtQs3xX9fkWK.123","action":"GetUpdates", "result":"DeleteReceived", "context":{"id":"49dd79fa-2bea-457b-b8a6-078d35d088a8", "isDeleted:":"true", "version":"1732100406542"}}
{"logTime": "1123/210242", "correlationVector":"1nhoViCQKnMtQs3xX9fkWK.124","action":"GetUpdates", "result":"DeleteReceived", "context":{"id":"a2d83c5c-61a9-40fb-96e0-af262e57e1f4", "isDeleted:":"true", "version":"1732100406544"}}
{"logTime": "1123/210242", "correlationVector":"1nhoViCQKnMtQs3xX9fkWK.125","action":"GetUpdates", "result":"DeleteReceived", "context":{"id":"1b43511e-899b-44ef-a373-f292e227a349", "isDeleted:":"true", "version":"1732108895080"}}
{"logTime": "1123/210242", "correlationVector":"1nhoViCQKnMtQs3xX9fkWK.126","action":"GetUpdates", "result":"DeleteReceived", "context":{"id":"a55733de-88c7-468f-bd5f-5c2bc5eceb7d", "isDeleted:":"true", "version":"1732108895081"}}
{"logTime": "1123/210242", "correlationVector":"1nhoViCQKnMtQs3xX9fkWK.127","action":"GetUpdates", "result":"DeleteReceived", "context":{"id":"6c788fe7-7020-4ea8-b52f-4ab40273367d", "isDeleted:":"true", "version":"1732108895083"}}
{"logTime": "1123/210242", "correlationVector":"1nhoViCQKnMtQs3xX9fkWK.128","action":"GetUpdates", "result":"DeleteReceived", "context":{"id":"5fb38f4f-1fb1-4eba-88aa-cfabe371b1bd", "isDeleted:":"true", "version":"1732108895084"}}
{"logTime": "1123/210242", "correlationVector":"1nhoViCQKnMtQs3xX9fkWK.129","action":"GetUpdates", "result":"DeleteReceived", "context":{"id":"e9afb8bd-cb24-4908-bb60-1799e2ad7bca", "isDeleted:":"true", "version":"1732108895085"}}
{"logTime": "1123/210242", "correlationVector":"1nhoViCQKnMtQs3xX9fkWK.130","action":"GetUpdates", "result":"DeleteReceived", "context":{"id":"b2fb1e69-a7c5-4578-bf74-f948493b23a5", "isDeleted:":"true", "version":"1732113185390"}}
{"logTime": "1123/210242", "correlationVector":"1nhoViCQKnMtQs3xX9fkWK.131","action":"GetUpdates", "result":"DeleteReceived", "context":{"id":"0f83712f-1243-4731-80cf-e09448f32b75", "isDeleted:":"true", "version":"1732115890850"}}
{"logTime": "1123/210242", "correlationVector":"1nhoViCQKnMtQs3xX9fkWK.132","action":"GetUpdates", "result":"DeleteReceived", "context":{"id":"a4feb836-a0a0-4392-b70c-ca05a6375d14", "isDeleted:":"true", "version":"1732116011623"}}
{"logTime": "1123/210242", "correlationVector":"1nhoViCQKnMtQs3xX9fkWK.133","action":"GetUpdates", "result":"DeleteReceived", "context":{"id":"1b370c19-a007-4c47-aac1-1f05bb75a2a4", "isDeleted:":"true", "version":"1732174380963"}}
{"logTime": "1123/210242", "correlationVector":"1nhoViCQKnMtQs3xX9fkWK.134","action":"GetUpdates", "result":"DeleteReceived", "context":{"id":"d4d96caf-27d5-40f2-a7a9-9ac1b6889074", "isDeleted:":"true", "version":"1732174380964"}}
{"logTime": "1123/210242", "correlationVector":"1nhoViCQKnMtQs3xX9fkWK.135","action":"GetUpdates", "result":"DeleteReceived", "context":{"id":"3101b47f-79ac-4c21-b9f6-f0bd29d4e1ad", "isDeleted:":"true", "version":"1732174380965"}}
{"logTime": "1123/210242", "correlationVector":"1nhoViCQKnMtQs3xX9fkWK.136","action":"GetUpdates", "result":"DeleteReceived", "context":{"id":"38de77c6-a7ec-4ebe-9907-9371b9242cb9", "isDeleted:":"true", "version":"1732174380966"}}
{"logTime": "1123/210242", "correlationVector":"1nhoViCQKnMtQs3xX9fkWK.137","action":"GetUpdates", "result":"DeleteReceived", "context":{"id":"59d9028a-42c4-404e-bdca-8f2df6873a73", "isDeleted:":"true", "version":"1732174380968"}}
{"logTime": "1123/210242", "correlationVector":"1nhoViCQKnMtQs3xX9fkWK.138","action":"GetUpdates", "result":"DeleteReceived", "context":{"id":"f89e291e-a028-49ae-979b-1eafe4610740", "isDeleted:":"true", "version":"1732174453172"}}
{"logTime": "1123/210242", "correlationVector":"1nhoViCQKnMtQs3xX9fkWK.139","action":"GetUpdates", "result":"DeleteReceived", "context":{"id":"e24a4d14-6bda-4730-87bc-6a64ef622b62", "isDeleted:":"true", "version":"1732179239971"}}
{"logTime": "1123/210242", "correlationVector":"1nhoViCQKnMtQs3xX9fkWK.140","action":"GetUpdates", "result":"DeleteReceived", "context":{"id":"1776037b-6ce9-4c3b-b72a-f08febb69b3e", "isDeleted:":"true", "version":"1732179795217"}}
{"logTime": "1123/210242", "correlationVector":"1nhoViCQKnMtQs3xX9fkWK.141","action":"GetUpdates", "result":"DeleteReceived", "context":{"id":"d3cf7a45-e0bb-4442-ac8e-4c91a3c11b9f", "isDeleted:":"true", "version":"1732208698169"}}
{"logTime": "1123/210242", "correlationVector":"1nhoViCQKnMtQs3xX9fkWK.142","action":"GetUpdates Response", "result":"Success", "context":Received 250 update(s). cV=1nhoViCQKnMtQs3xX9fkWK.0;server=general0100000H;cloudType=Consumer;environment=Prod_WestEurope_000l;migrationStage=NotStarted Some updates remain.}
{"logTime": "1123/210242", "correlationVector":"NAh4B+/KuuwYP9pId1aURN","action":"Initial GetUpdates", "result":"", "context":Reason: NEWLY_SUPPORTED_DATATYPE. cV=NAh4B+/KuuwYP9pId1aURN}
{"logTime": "1123/210243", "correlationVector":"NAh4B+/KuuwYP9pId1aURN.1","action":"SyncServerConnectionManagerRequest", "result":"SYNC_SERVER_OK", "context":{"environment":"Prod_WestEurope_000l", "migrationStage":"NotStarted", "server":"GENERAL0100000L"}}
{"logTime": "1123/210243", "correlationVector":"NAh4B+/KuuwYP9pId1aURN.2","action":"GetUpdates", "result":"DeleteReceived", "context":{"id":"b0c601f5-c5ee-4548-8796-743e71d98437", "isDeleted:":"true", "version":"1732214198621"}}
{"logTime": "1123/210243", "correlationVector":"NAh4B+/KuuwYP9pId1aURN.3","action":"GetUpdates", "result":"DeleteReceived", "context":{"id":"438b127f-2dad-4cec-aaef-8bfaf0abb753", "isDeleted:":"true", "version":"1732214198622"}}
{"logTime": "1123/210243", "correlationVector":"NAh4B+/KuuwYP9pId1aURN.4","action":"GetUpdates", "result":"DeleteReceived", "context":{"id":"489c56eb-0417-4d6c-a8ad-34b4c74f804f", "isDeleted:":"true", "version":"1732214198624"}}
{"logTime": "1123/210243", "correlationVector":"NAh4B+/KuuwYP9pId1aURN.5","action":"GetUpdates", "result":"DeleteReceived", "context":{"id":"59fafa84-8d33-46b6-8dae-ea51b6a8d62e", "isDeleted:":"true", "version":"1732214198625"}}
{"logTime": "1123/210243", "correlationVector":"NAh4B+/KuuwYP9pId1aURN.6","action":"GetUpdates", "result":"DeleteReceived", "context":{"id":"e6e681c6-08ac-4b2e-81e7-c514999ba825", "isDeleted:":"true", "version":"1732214198626"}}
{"logTime": "1123/210243", "correlationVector":"NAh4B+/KuuwYP9pId1aURN.7","action":"GetUpdates", "result":"DeleteReceived", "context":{"id":"0c80004b-3d97-4580-a6b3-1d881612e532", "isDeleted:":"true", "version":"1732214198627"}}
{"logTime": "1123/210243", "correlationVector":"NAh4B+/KuuwYP9pId1aURN.8","action":"GetUpdates", "result":"DeleteReceived", "context":{"id":"319d134f-4817-4a22-a416-cfb652cd4980", "isDeleted:":"true", "version":"1732214198628"}}
{"logTime": "1123/210243", "correlationVector":"NAh4B+/KuuwYP9pId1aURN.9","action":"GetUpdates", "result":"DeleteReceived", "context":{"id":"72b001ea-8bfc-4524-9d99-4258a8229efa", "isDeleted:":"true", "version":"1732214198629"}}
{"logTime": "1123/210243", "correlationVector":"NAh4B+/KuuwYP9pId1aURN.10","action":"GetUpdates", "result":"DeleteReceived", "context":{"id":"bff54a20-31d3-42df-8bbb-0db5f8247131", "isDeleted:":"true", "version":"1732230606129"}}
{"logTime": "1123/210243", "correlationVector":"NAh4B+/KuuwYP9pId1aURN.11","action":"GetUpdates", "result":"DeleteReceived", "context":{"id":"5f3c2442-a55e-4ed4-b314-eaa775a6ad7f", "isDeleted:":"true", "version":"1732230606131"}}
{"logTime": "1123/210243", "correlationVector":"NAh4B+/KuuwYP9pId1aURN.12","action":"GetUpdates", "result":"DeleteReceived", "context":{"id":"6c0662f0-f391-48c1-9adc-95ead9a4e0f5", "isDeleted:":"true", "version":"1732275441503"}}
{"logTime": "1123/210243", "correlationVector":"NAh4B+/KuuwYP9pId1aURN.13","action":"GetUpdates", "result":"DeleteReceived", "context":{"id":"93eae34e-3c7e-4caf-b1f0-f2bc976809df", "isDeleted:":"true", "version":"1732277203315"}}
{"logTime": "1123/210243", "correlationVector":"NAh4B+/KuuwYP9pId1aURN.14","action":"GetUpdates", "result":"DeleteReceived", "context":{"id":"cb92c8ea-ff3e-4018-b19b-80e8f8015f38", "isDeleted:":"true", "version":"1732277361809"}}
{"logTime": "1123/210243", "correlationVector":"NAh4B+/KuuwYP9pId1aURN.15","action":"GetUpdates", "result":"DeleteReceived", "context":{"id":"8fa8a15f-8b80-43f6-9d88-9f3e448f488d", "isDeleted:":"true", "version":"1732277361812"}}
{"logTime": "1123/210243", "correlationVector":"NAh4B+/KuuwYP9pId1aURN.16","action":"GetUpdates", "result":"DeleteReceived", "context":{"id":"019062cb-3419-4ce9-aa99-283fc2d646b7", "isDeleted:":"true", "version":"1732277562478"}}
{"logTime": "1123/210243", "correlationVector":"NAh4B+/KuuwYP9pId1aURN.17","action":"GetUpdates", "result":"DeleteReceived", "context":{"id":"4da9b1b9-567f-4f9d-9b24-2f2474936b3f", "isDeleted:":"true", "version":"1732277572754"}}
{"logTime": "1123/210243", "correlationVector":"NAh4B+/KuuwYP9pId1aURN.18","action":"GetUpdates", "result":"DeleteReceived", "context":{"id":"2520271d-ab78-4032-8840-ace5730eedd1", "isDeleted:":"true", "version":"1732277898253"}}
{"logTime": "1123/210243", "correlationVector":"NAh4B+/KuuwYP9pId1aURN.19","action":"GetUpdates", "result":"DeleteReceived", "context":{"id":"cd742d68-4eec-4139-9d06-8c0d8af3e50d", "isDeleted:":"true", "version":"1732277898254"}}
{"logTime": "1123/210243", "correlationVector":"NAh4B+/KuuwYP9pId1aURN.20","action":"GetUpdates", "result":"DeleteReceived", "context":{"id":"300f94b7-fb09-40b7-8734-82e6c40896f4", "isDeleted:":"true", "version":"1732378162413"}}
{"logTime": "1123/210243", "correlationVector":"NAh4B+/KuuwYP9pId1aURN.21","action":"GetUpdates", "result":"DeleteReceived", "context":{"id":"2dd6600b-0ed3-4a45-b46b-9479dbafe6b2", "isDeleted:":"true", "version":"1732378162414"}}
{"logTime": "1123/210243", "correlationVector":"NAh4B+/KuuwYP9pId1aURN.22","action":"GetUpdates", "result":"DeleteReceived", "context":{"id":"bda4212c-10f9-421c-84bc-5a3f3fb84c88", "isDeleted:":"true", "version":"1732378162416"}}
{"logTime": "1123/210243", "correlationVector":"NAh4B+/KuuwYP9pId1aURN.23","action":"GetUpdates", "result":"DeleteReceived", "context":{"id":"4d218b99-d045-42f6-9c4c-d7f3ed92c219", "isDeleted:":"true", "version":"1732379594576"}}
{"logTime": "1123/210243", "correlationVector":"NAh4B+/KuuwYP9pId1aURN.24","action":"GetUpdates", "result":"DeleteReceived", "context":{"id":"552545a9-d140-40a7-8dc0-0886fbdc7e16", "isDeleted:":"true", "version":"1732395716903"}}
{"logTime": "1123/210243", "correlationVector":"NAh4B+/KuuwYP9pId1aURN.25","action":"GetUpdates", "result":"DeleteReceived", "context":{"id":"e78f1741-71ee-46f6-afc5-e327c441c769", "isDeleted:":"true", "version":"1732225767516"}}
{"logTime": "1123/210243", "correlationVector":"NAh4B+/KuuwYP9pId1aURN.26","action":"GetUpdates", "result":"DeleteReceived", "context":{"id":"93b014ac-511a-45cb-85d7-6c617d626898", "isDeleted:":"true", "version":"1732225767517"}}
{"logTime": "1123/210243", "correlationVector":"NAh4B+/KuuwYP9pId1aURN.27","action":"GetUpdates", "result":"DeleteReceived", "context":{"id":"bcaff4cd-6aa0-4002-967e-23aea472b10c", "isDeleted:":"true", "version":"1732225767518"}}
{"logTime": "1123/210243", "correlationVector":"NAh4B+/KuuwYP9pId1aURN.28","action":"GetUpdates", "result":"DeleteReceived", "context":{"id":"ac807fac-bf18-4a31-a730-0d3efeadcc96", "isDeleted:":"true", "version":"1732225767519"}}
{"logTime": "1123/210243", "correlationVector":"NAh4B+/KuuwYP9pId1aURN.29","action":"GetUpdates", "result":"DeleteReceived", "context":{"id":"c8b2f113-9433-4519-a716-15c8d54fe328", "isDeleted:":"true", "version":"1732225767520"}}
{"logTime": "1123/210243", "correlationVector":"NAh4B+/KuuwYP9pId1aURN.30","action":"GetUpdates", "result":"DeleteReceived", "context":{"id":"1bb7b99b-5960-4d8f-9cd4-24e53e9cdb80", "isDeleted:":"true", "version":"1732225767521"}}
{"logTime": "1123/210243", "correlationVector":"NAh4B+/KuuwYP9pId1aURN.31","action":"GetUpdates", "result":"DeleteReceived", "context":{"id":"9cc2c2ae-9113-4b87-b1c1-3702f603dd20", "isDeleted:":"true", "version":"1732225767522"}}
{"logTime": "1123/210243", "correlationVector":"NAh4B+/KuuwYP9pId1aURN.32","action":"GetUpdates", "result":"DeleteReceived", "context":{"id":"3ce39e50-dc5d-4de6-a291-e250f2f11297", "isDeleted:":"true", "version":"1732225767523"}}
{"logTime": "1123/210243", "correlationVector":"NAh4B+/KuuwYP9pId1aURN.33","action":"GetUpdates Response", "result":"Success", "context":Received 51 update(s). cV=NAh4B+/KuuwYP9pId1aURN.0;server=GENERAL0100000L;cloudType=Consumer;environment=Prod_WestEurope_000l;migrationStage=NotStarted}
{"logTime": "1123/210243", "correlationVector":"n0/W9Sb33sN1W+TChD1oWf","action":"Normal GetUpdate request", "result":"", "context":cV=n0/W9Sb33sN1W+TChD1oWf
Nudged types: Preferences, Sessions, Device Info, User Consents
Refresh requested types: Bookmarks, Preferences, Passwords, Autofill Profiles, Autofill, Typed URLs, Extensions, Sessions, Extension settings, History Delete Directives, Device Info, User Consents, Send Tab To Self, Web Apps, Collection, Edge E Drop, Edge Hub App Usage, Edge Tab Group, Edge Wallet, Encryption Keys}
{"logTime": "1123/210243", "correlationVector":"n0/W9Sb33sN1W+TChD1oWf.1","action":"SyncServerConnectionManagerRequest", "result":"SYNC_SERVER_OK", "context":{"environment":"Prod_WestEurope_000l", "migrationStage":"NotStarted", "server":"GENERAL0100000G"}}
{"logTime": "1123/210243", "correlationVector":"n0/W9Sb33sN1W+TChD1oWf.2","action":"GetUpdates Response", "result":"Success", "context":Received 0 update(s). cV=n0/W9Sb33sN1W+TChD1oWf.0;server=GENERAL0100000G;cloudType=Consumer;environment=Prod_WestEurope_000l;migrationStage=NotStarted}
{"logTime": "1123/210243", "correlationVector":"05kQHzi6J+gUEiQXlnln1v","action":"Commit Request", "result":"", "context":Item count: 6
Contributing types: Preferences, Sessions, Device Info, User Consents}
{"logTime": "1123/210244", "correlationVector":"05kQHzi6J+gUEiQXlnln1v.1","action":"SyncServerConnectionManagerRequest", "result":"SYNC_SERVER_OK", "context":{"environment":"Prod_WestEurope_000l", "migrationStage":"NotStarted", "server":"GENERAL01000009"}}
{"logTime": "1123/210244", "correlationVector":"05kQHzi6J+gUEiQXlnln1v.2","action":"Commit Response", "result":"Success", "context":Result: Success. cV=05kQHzi6J+gUEiQXlnln1v.0;server=GENERAL01000009;cloudType=Consumer;environment=Prod_WestEurope_000l;migrationStage=NotStarted}
{"logTime": "1123/210258", "correlationVector":"FQ/fnP30ev1cpPZShvyQ9f","action":"Commit Request", "result":"", "context":Item count: 40
Contributing types: Passwords}
{"logTime": "1123/210300", "correlationVector":"FQ/fnP30ev1cpPZShvyQ9f.1","action":"SyncServerConnectionManagerRequest", "result":"SYNC_SERVER_OK", "context":{"environment":"Prod_WestEurope_000l", "migrationStage":"NotStarted", "server":"GENERAL01000000"}}
{"logTime": "1123/210300", "correlationVector":"FQ/fnP30ev1cpPZShvyQ9f.2","action":"Commit Response", "result":"Success", "context":Result: Success. cV=FQ/fnP30ev1cpPZShvyQ9f.0;server=GENERAL01000000;cloudType=Consumer;environment=Prod_WestEurope_000l;migrationStage=NotStarted}
{"logTime": "1123/210300", "correlationVector":"4mL++FRfF23tX7fi8A8PG9","action":"Commit Request", "result":"", "context":Item count: 26
Contributing types: Preferences, Passwords}
{"logTime": "1123/210302", "correlationVector":"4mL++FRfF23tX7fi8A8PG9.1","action":"SyncServerConnectionManagerRequest", "result":"SYNC_SERVER_OK", "context":{"environment":"Prod_WestEurope_000l", "migrationStage":"NotStarted", "server":"GENERAL0100001N"}}
{"logTime": "1123/210302", "correlationVector":"4mL++FRfF23tX7fi8A8PG9.2","action":"Commit Response", "result":"Success", "context":Result: Success. cV=4mL++FRfF23tX7fi8A8PG9.0;server=GENERAL0100001N;cloudType=Consumer;environment=Prod_WestEurope_000l;migrationStage=NotStarted}
{"logTime": "1123/210431", "correlationVector":"u29zQL4x1Ru7z5cl+YIF4x","action":"Commit Request", "result":"", "context":Item count: 1
Contributing types: Preferences}
{"logTime": "1123/210432", "correlationVector":"u29zQL4x1Ru7z5cl+YIF4x.1","action":"SyncServerConnectionManagerRequest", "result":"SYNC_SERVER_OK", "context":{"environment":"Prod_WestEurope_000l", "migrationStage":"NotStarted", "server":"GENERAL0100000W"}}
{"logTime": "1123/210432", "correlationVector":"u29zQL4x1Ru7z5cl+YIF4x.2","action":"Commit Response", "result":"Success", "context":Result: Success. cV=u29zQL4x1Ru7z5cl+YIF4x.0;server=GENERAL0100000W;cloudType=Consumer;environment=Prod_WestEurope_000l;migrationStage=NotStarted}
{"logTime": "1123/210634", "correlationVector":"NmHOVM1FpYv9nMz16XMRmj","action":"Commit Request", "result":"", "context":Item count: 1
Contributing types: Sessions}
{"logTime": "1123/210634", "correlationVector":"NmHOVM1FpYv9nMz16XMRmj.1","action":"SyncServerConnectionManagerRequest", "result":"SYNC_SERVER_OK", "context":{"environment":"Prod_WestEurope_000l", "migrationStage":"NotStarted", "server":"GENERAL01000014"}}
{"logTime": "1123/210634", "correlationVector":"NmHOVM1FpYv9nMz16XMRmj.2","action":"Commit Response", "result":"Success", "context":Result: Success. cV=NmHOVM1FpYv9nMz16XMRmj.0;server=GENERAL01000014;cloudType=Consumer;environment=Prod_WestEurope_000l;migrationStage=NotStarted}
{"logTime": "1123/210725", "correlationVector":"PceZ18GE6e6CypVmAVuUmf","action":"Normal GetUpdate request", "result":"", "context":cV=PceZ18GE6e6CypVmAVuUmf
Refresh requested types: Bookmarks, Preferences, Passwords, Autofill Profiles, Autofill, Typed URLs, Extensions, Sessions, Extension settings, History Delete Directives, Device Info, User Consents, Send Tab To Self, Web Apps, Collection, Edge E Drop, Edge Hub App Usage, Edge Tab Group, Edge Wallet, Encryption Keys}
{"logTime": "1123/210726", "correlationVector":"PceZ18GE6e6CypVmAVuUmf.1","action":"SyncServerConnectionManagerRequest", "result":"SYNC_SERVER_OK", "context":{"environment":"Prod_WestEurope_000l", "migrationStage":"NotStarted", "server":"GENERAL01000009"}}
{"logTime": "1123/210726", "correlationVector":"PceZ18GE6e6CypVmAVuUmf.2","action":"GetUpdates Response", "result":"Success", "context":Received 71 update(s). cV=PceZ18GE6e6CypVmAVuUmf.0;server=GENERAL01000009;cloudType=Consumer;environment=Prod_WestEurope_000l;migrationStage=NotStarted}
{"logTime": "1123/210726", "correlationVector":"uq+eUURl8U6wib0YskWNod","action":"DoCompareDataConsistency requsted types: ", "result":"Bookmarks, Preferences, Passwords, Typed URLs, Extensions, Extension settings, History Delete Directives, Send Tab To Self, Web Apps, Collection, Edge E Drop, Edge Tab Group, Edge Wallet, Encryption Keys"}
{"logTime": "1123/210726", "correlationVector":"uq+eUURl8U6wib0YskWNod.0","action":"CompareDataConsistency result: ", "result":"Compare result: Encryption Keys is consistent. local entities count is: 1 local entities hash is: ReIo94vHYfVBTYcMFS3ixSTG8T4="}
{"logTime": "1123/210726", "correlationVector":"uq+eUURl8U6wib0YskWNod.1","action":"CompareDataConsistency result: ", "result":"Compare result: Bookmarks is consistent. local entities count is: 20 local entities hash is: 688GGpTwVW7Bpi0hHV+UPBGdUz0="}
{"logTime": "1123/210726", "correlationVector":"uq+eUURl8U6wib0YskWNod.2","action":"CompareDataConsistency result: ", "result":"Compare result: Preferences is consistent. local entities count is: 82 local entities hash is: 9dFIymEOYNF/Kfm5GRZkINECypE="}
{"logTime": "1123/210726", "correlationVector":"uq+eUURl8U6wib0YskWNod.3","action":"CompareDataConsistency result: ", "result":"Server did not send this Typed URLs local entities count is: 89 local entities hash is: swF1ZSg+y+vaNfx/zw+3fs+NJ7E="}
{"logTime": "1123/210726", "correlationVector":"uq+eUURl8U6wib0YskWNod.4","action":"CompareDataConsistency result: ", "result":"Compare result: Extensions is consistent. local entities count is: 8 local entities hash is: BRfP07pdxrcnXlDMBw2K8MPnaj4="}
{"logTime": "1123/210726", "correlationVector":"uq+eUURl8U6wib0YskWNod.5","action":"CompareDataConsistency result: ", "result":"Compare result: Extension settings is consistent. local entities count is: 24 local entities hash is: gUE0+xvxUL/59XfPhJfmPD7+Vow="}
{"logTime": "1123/210726", "correlationVector":"uq+eUURl8U6wib0YskWNod.6","action":"CompareDataConsistency result: ", "result":"Compare result: History Delete Directives is consistent. local entities count is: 0 local entities hash is: "}
{"logTime": "1123/210726", "correlationVector":"uq+eUURl8U6wib0YskWNod.7","action":"CompareDataConsistency result: ", "result":"Server did not send this Send Tab To Self local entities count is: 0 local entities hash is: "}
{"logTime": "1123/210726", "correlationVector":"uq+eUURl8U6wib0YskWNod.8","action":"CompareDataConsistency result: ", "result":"Compare result: Web Apps is consistent. local entities count is: 0 local entities hash is: "}
{"logTime": "1123/210726", "correlationVector":"uq+eUURl8U6wib0YskWNod.9","action":"CompareDataConsistency result: ", "result":"Compare result: Collection is consistent. local entities count is: 0 local entities hash is: "}
{"logTime": "1123/210726", "correlationVector":"uq+eUURl8U6wib0YskWNod.10","action":"CompareDataConsistency result: ", "result":"Compare result: Edge E Drop is consistent. local entities count is: 0 local entities hash is: "}
{"logTime": "1123/210726", "correlationVector":"uq+eUURl8U6wib0YskWNod.11","action":"CompareDataConsistency result: ", "result":"Compare result: Edge Tab Group is consistent. local entities count is: 1 local entities hash is: VcnsVFyXlpz+QtTWWpPVGH4/WLA="}
{"logTime": "1123/210726", "correlationVector":"uq+eUURl8U6wib0YskWNod.12","action":"CompareDataConsistency result: ", "result":"Compare result: Edge Wallet is consistent. local entities count is: 0 local entities hash is: "}
{"logTime": "1123/210726", "correlationVector":"uq+eUURl8U6wib0YskWNod.13","action":"CompareDataConsistency result: ", "result":"Compare result: Passwords is consistent. local entities count is: 73 local entities hash is: ylVGeFOsRNGI1o9VWRuJpZIndBA="}
{"logTime": "1123/210726", "correlationVector":"","action":"DIAGNOSTIC_REQUEST|v1/diagnosticData/Diagnostic.SendCheckResult()|SUCCESS", "result":""}
{"logTime": "1123/210752", "correlationVector":"8JTqL2TDY5jmYHpnFQSg9q","action":"Normal GetUpdate request", "result":"", "context":cV=8JTqL2TDY5jmYHpnFQSg9q
Nudged types: Sessions
Notified types: Device Info}
{"logTime": "1123/210753", "correlationVector":"8JTqL2TDY5jmYHpnFQSg9q.1","action":"SyncServerConnectionManagerRequest", "result":"SYNC_SERVER_OK", "context":{"environment":"Prod_WestEurope_000l", "migrationStage":"NotStarted", "server":"GENERAL01000012"}}
{"logTime": "1123/210753", "correlationVector":"8JTqL2TDY5jmYHpnFQSg9q.2","action":"GetUpdates", "result":"DeleteReceived", "context":{"id":"4cb57b8a-cb60-429f-ba84-58ecd7d754e3", "isDeleted:":"true", "version":"1732396071964"}}
{"logTime": "1123/210753", "correlationVector":"8JTqL2TDY5jmYHpnFQSg9q.3","action":"GetUpdates", "result":"DeleteReceived", "context":{"id":"ae02b160-f830-4bd1-9d14-5b6d4dd83b7e", "isDeleted:":"true", "version":"1732396071966"}}
{"logTime": "1123/210753", "correlationVector":"8JTqL2TDY5jmYHpnFQSg9q.4","action":"GetUpdates", "result":"DeleteReceived", "context":{"id":"03e92071-ed4d-4d27-82d9-96afe38391ae", "isDeleted:":"true", "version":"1732396071967"}}
{"logTime": "1123/210753", "correlationVector":"8JTqL2TDY5jmYHpnFQSg9q.5","action":"GetUpdates Response", "result":"Success", "context":Received 6 update(s). cV=8JTqL2TDY5jmYHpnFQSg9q.0;server=GENERAL01000012;cloudType=Consumer;environment=Prod_WestEurope_000l;migrationStage=NotStarted}
{"logTime": "1123/210753", "correlationVector":"jqq42t1J3UsPZzzQ2PeiZ6","action":"Commit Request", "result":"", "context":Item count: 3
Contributing types: Sessions}
{"logTime": "1123/210753", "correlationVector":"jqq42t1J3UsPZzzQ2PeiZ6.1","action":"SyncServerConnectionManagerRequest", "result":"SYNC_SERVER_OK", "context":{"environment":"Prod_WestEurope_000l", "migrationStage":"NotStarted", "server":"GENERAL0100000L"}}
{"logTime": "1123/210753", "correlationVector":"jqq42t1J3UsPZzzQ2PeiZ6.2","action":"Commit Response", "result":"Success", "context":Result: Success. cV=jqq42t1J3UsPZzzQ2PeiZ6.0;server=GENERAL0100000L;cloudType=Consumer;environment=Prod_WestEurope_000l;migrationStage=NotStarted}
{"logTime": "1123/211110", "correlationVector":"zokFF7/gEi9RvkdJ58eeUq","action":"Normal GetUpdate request", "result":"", "context":cV=zokFF7/gEi9RvkdJ58eeUq
Notified types: Typed URLs}
{"logTime": "1123/211111", "correlationVector":"zokFF7/gEi9RvkdJ58eeUq.1","action":"SyncServerConnectionManagerRequest", "result":"SYNC_SERVER_OK", "context":{"environment":"Prod_WestEurope_000l", "migrationStage":"NotStarted", "server":"GENERAL0100000M"}}
{"logTime": "1123/211111", "correlationVector":"zokFF7/gEi9RvkdJ58eeUq.2","action":"GetUpdates Response", "result":"Success", "context":Received 7 update(s). cV=zokFF7/gEi9RvkdJ58eeUq.0;server=GENERAL0100000M;cloudType=Consumer;environment=Prod_WestEurope_000l;migrationStage=NotStarted}
{"logTime": "1123/212944", "correlationVector":"cPH+qwjtcGP9EGPjv6z5zA","action":"Normal GetUpdate request", "result":"", "context":cV=cPH+qwjtcGP9EGPjv6z5zA
Notified types: Extension settings}
{"logTime": "1123/212945", "correlationVector":"cPH+qwjtcGP9EGPjv6z5zA.1","action":"SyncServerConnectionManagerRequest", "result":"SYNC_SERVER_OK", "context":{"environment":"Prod_WestEurope_000l", "migrationStage":"NotStarted", "server":"GENERAL0100000I"}}
{"logTime": "1123/212945", "correlationVector":"cPH+qwjtcGP9EGPjv6z5zA.2","action":"GetUpdates", "result":"DeleteReceived", "context":{"id":"5d6026e6-9702-4663-a422-239565ad2513", "isDeleted:":"true", "version":"1732396468199"}}
{"logTime": "1123/212945", "correlationVector":"cPH+qwjtcGP9EGPjv6z5zA.3","action":"GetUpdates Response", "result":"Success", "context":Received 6 update(s). cV=cPH+qwjtcGP9EGPjv6z5zA.0;server=GENERAL0100000I;cloudType=Consumer;environment=Prod_WestEurope_000l;migrationStage=NotStarted}
{"logTime": "1123/215029", "correlationVector":"7aiSYeUtZelGcKkjf2OeEf","action":"Commit Request", "result":"", "context":Item count: 2
Contributing types: Sessions}
{"logTime": "1123/215029", "correlationVector":"7aiSYeUtZelGcKkjf2OeEf.1","action":"SyncServerConnectionManagerRequest", "result":"SYNC_SERVER_OK", "context":{"environment":"Prod_WestEurope_000l", "migrationStage":"NotStarted", "server":"GENERAL0100000T"}}
{"logTime": "1123/215029", "correlationVector":"7aiSYeUtZelGcKkjf2OeEf.3","action":"Commit.Sessions", "result":"Success", "context":{"id":"7d73053c-06e0-4a09-90b5-ac7660fd7ddb", "isDeleted":"true", "size":"0", "version":"1732396073062"}}
{"logTime": "1123/215029", "correlationVector":"7aiSYeUtZelGcKkjf2OeEf.2","action":"Commit Response", "result":"Success", "context":Result: Success. cV=7aiSYeUtZelGcKkjf2OeEf.0;server=GENERAL0100000T;cloudType=Consumer;environment=Prod_WestEurope_000l;migrationStage=NotStarted}
